[2022/03/12 14:03:47.842] - Starting server with initial configuration: {"gasLimit":6721975,"gasPrice":20000000000,"hardfork":"muirGlacier","hostname":"127.0.0.1","port":7545,"network_id":5777,"default_balance_ether":100,"total_accounts":50,"unlocked_accounts":[],"locked":false,"vmErrorsOnRPCResponse":true,"verbose":false,"db_path":"/Users/thomaswhitehill/Library/Application Support/Ganache/workspaces/boorish-event/chaindata","logDirectory":"/Users/thomaswhitehill/IdeaProjects/FlightSurety/ganachelogs"}
[2022/03/12 14:03:48.185] - eth_getCode
[2022/03/12 14:03:48.185] - eth_subscribe
[2022/03/12 14:03:48.188] - eth_getLogs
[2022/03/12 14:03:48.207] - eth_subscribe
[2022/03/12 14:03:48.208] - eth_getCode
[2022/03/12 14:03:48.217] - eth_getCode
[2022/03/12 14:03:48.417] - eth_subscribe
[2022/03/12 14:03:48.418] - eth_getLogs
[2022/03/12 14:03:48.418] - eth_subscribe
[2022/03/12 14:03:48.682] - eth_blockNumber
[2022/03/12 14:03:48.682] - eth_accounts
[2022/03/12 14:03:48.683] - eth_gasPrice
[2022/03/12 14:03:48.683] - eth_getBlockByNumber
[2022/03/12 14:03:48.684] - eth_blockNumber
[2022/03/12 14:03:48.684] - eth_subscribe
[2022/03/12 14:03:48.684] - eth_accounts
[2022/03/12 14:03:48.685] - eth_gasPrice
[2022/03/12 14:03:48.685] - eth_getBlockByNumber
[2022/03/12 14:03:48.685] - eth_subscribe
[2022/03/12 14:03:48.764] - eth_accounts
[2022/03/12 14:03:49.020] - eth_getBalance
[2022/03/12 14:03:49.046] - eth_getTransactionCount
[2022/03/12 14:03:49.068] - eth_getBalance
[2022/03/12 14:03:49.093] - eth_getTransactionCount
[2022/03/12 14:03:49.115] - eth_getBalance
[2022/03/12 14:03:49.139] - eth_getTransactionCount
[2022/03/12 14:03:49.164] - eth_getBalance
[2022/03/12 14:03:49.187] - eth_getTransactionCount
[2022/03/12 14:03:49.211] - eth_getBalance
[2022/03/12 14:03:49.232] - eth_getTransactionCount
[2022/03/12 14:03:49.256] - eth_getBalance
[2022/03/12 14:03:49.281] - eth_getTransactionCount
[2022/03/12 14:03:49.302] - eth_getBalance
[2022/03/12 14:03:49.327] - eth_getTransactionCount
[2022/03/12 14:03:49.348] - eth_getBalance
[2022/03/12 14:03:49.372] - eth_getTransactionCount
[2022/03/12 14:03:49.397] - eth_getBalance
[2022/03/12 14:03:49.418] - eth_getTransactionCount
[2022/03/12 14:03:49.443] - eth_getBalance
[2022/03/12 14:03:49.464] - eth_getTransactionCount
[2022/03/12 14:03:49.488] - eth_getBalance
[2022/03/12 14:03:49.513] - eth_getTransactionCount
[2022/03/12 14:03:49.533] - eth_getBalance
[2022/03/12 14:03:49.558] - eth_getTransactionCount
[2022/03/12 14:03:49.580] - eth_getBalance
[2022/03/12 14:03:49.604] - eth_getTransactionCount
[2022/03/12 14:03:49.630] - eth_getBalance
[2022/03/12 14:03:49.650] - eth_getTransactionCount
[2022/03/12 14:03:49.675] - eth_getBalance
[2022/03/12 14:03:49.695] - eth_getTransactionCount
[2022/03/12 14:03:49.719] - eth_getBalance
[2022/03/12 14:03:49.744] - eth_getTransactionCount
[2022/03/12 14:03:49.765] - eth_getBalance
[2022/03/12 14:03:49.789] - eth_getTransactionCount
[2022/03/12 14:03:49.811] - eth_getBalance
[2022/03/12 14:03:49.834] - eth_getTransactionCount
[2022/03/12 14:03:49.860] - eth_getBalance
[2022/03/12 14:03:49.880] - eth_getTransactionCount
[2022/03/12 14:03:49.906] - eth_getBalance
[2022/03/12 14:03:49.937] - eth_getTransactionCount
[2022/03/12 14:03:49.973] - eth_getBalance
[2022/03/12 14:03:50.016] - eth_getTransactionCount
[2022/03/12 14:03:50.044] - eth_getBalance
[2022/03/12 14:03:50.074] - eth_getTransactionCount
[2022/03/12 14:03:50.096] - eth_getBalance
[2022/03/12 14:03:50.120] - eth_getTransactionCount
[2022/03/12 14:03:50.153] - eth_getBalance
[2022/03/12 14:03:50.200] - eth_getTransactionCount
[2022/03/12 14:03:50.222] - eth_getBalance
[2022/03/12 14:03:50.246] - eth_getTransactionCount
[2022/03/12 14:03:50.274] - eth_getBalance
[2022/03/12 14:03:50.304] - eth_getTransactionCount
[2022/03/12 14:03:50.333] - eth_getBalance
[2022/03/12 14:03:50.357] - eth_getTransactionCount
[2022/03/12 14:03:50.383] - eth_getBalance
[2022/03/12 14:03:50.413] - eth_getTransactionCount
[2022/03/12 14:03:50.435] - eth_getBalance
[2022/03/12 14:03:50.462] - eth_getTransactionCount
[2022/03/12 14:03:50.483] - eth_getBalance
[2022/03/12 14:03:50.506] - eth_getTransactionCount
[2022/03/12 14:03:50.531] - eth_getBalance
[2022/03/12 14:03:50.552] - eth_getTransactionCount
[2022/03/12 14:03:50.577] - eth_getBalance
[2022/03/12 14:03:50.600] - eth_getTransactionCount
[2022/03/12 14:03:50.626] - eth_getBalance
[2022/03/12 14:03:50.652] - eth_getTransactionCount
[2022/03/12 14:03:50.672] - eth_getBalance
[2022/03/12 14:03:50.697] - eth_getTransactionCount
[2022/03/12 14:03:50.719] - eth_getBalance
[2022/03/12 14:03:50.743] - eth_getTransactionCount
[2022/03/12 14:03:50.768] - eth_getBalance
[2022/03/12 14:03:50.788] - eth_getTransactionCount
[2022/03/12 14:03:50.812] - eth_getBalance
[2022/03/12 14:03:50.839] - eth_getTransactionCount
[2022/03/12 14:03:50.876] - eth_getBalance
[2022/03/12 14:03:50.912] - eth_getTransactionCount
[2022/03/12 14:03:50.934] - eth_getBalance
[2022/03/12 14:03:50.975] - eth_getTransactionCount
[2022/03/12 14:03:51.000] - eth_getBalance
[2022/03/12 14:03:51.029] - eth_getTransactionCount
[2022/03/12 14:03:51.063] - eth_getBalance
[2022/03/12 14:03:51.094] - eth_getTransactionCount
[2022/03/12 14:03:51.125] - eth_getBalance
[2022/03/12 14:03:51.150] - eth_getTransactionCount
[2022/03/12 14:03:51.185] - eth_getBalance
[2022/03/12 14:03:51.219] - eth_getTransactionCount
[2022/03/12 14:03:51.243] - eth_getBalance
[2022/03/12 14:03:51.280] - eth_getTransactionCount
[2022/03/12 14:03:51.305] - eth_getBalance
[2022/03/12 14:03:51.332] - eth_getTransactionCount
[2022/03/12 14:03:51.360] - eth_getBalance
[2022/03/12 14:03:51.384] - eth_getTransactionCount
[2022/03/12 14:03:51.414] - eth_getBalance
[2022/03/12 14:03:51.438] - eth_getTransactionCount
[2022/03/12 14:03:51.464] - eth_getBalance
[2022/03/12 14:03:51.495] - eth_getTransactionCount
[2022/03/12 14:03:51.527] - eth_getBalance
[2022/03/12 14:03:51.562] - eth_getTransactionCount
[2022/03/12 14:03:51.591] - eth_getBalance
[2022/03/12 14:03:51.618] - eth_getTransactionCount
[2022/03/12 14:03:51.708] - eth_getBalance
[2022/03/12 14:03:51.741] - eth_getTransactionCount
[2022/03/12 14:03:51.768] - eth_getBalance
[2022/03/12 14:03:51.801] - eth_getTransactionCount
[2022/03/12 14:03:51.823] - eth_getBalance
[2022/03/12 14:03:51.865] - eth_getTransactionCount
[2022/03/12 14:03:51.889] - eth_getBalance
[2022/03/12 14:03:51.936] - eth_getTransactionCount
[2022/03/12 14:03:51.974] - eth_getBalance
[2022/03/12 14:03:52.002] - eth_getTransactionCount
[2022/03/12 14:03:52.036] - eth_getBalance
[2022/03/12 14:03:52.059] - eth_getTransactionCount
[2022/03/12 14:03:52.089] - eth_getBalance
[2022/03/12 14:03:52.117] - eth_getTransactionCount
[2022/03/12 14:03:52.159] - eth_getBalance
[2022/03/12 14:03:52.196] - eth_getTransactionCount
[2022/03/12 14:03:52.215] - eth_getBalance
[2022/03/12 14:03:52.245] - eth_getTransactionCount
[2022/03/12 14:03:52.271] - eth_getBalance
[2022/03/12 14:03:52.298] - eth_getTransactionCount
[2022/03/12 14:03:52.324] - eth_getBalance
[2022/03/12 14:03:52.348] - eth_getTransactionCount
[2022/03/12 14:03:52.380] - eth_getBalance
[2022/03/12 14:03:52.409] - eth_getTransactionCount
[2022/03/12 14:03:52.429] - eth_getBalance
[2022/03/12 14:03:52.457] - eth_getTransactionCount
[2022/03/12 14:03:52.478] - eth_getBalance
[2022/03/12 14:03:52.510] - eth_getTransactionCount
[2022/03/12 14:03:52.545] - eth_getBalance
[2022/03/12 14:03:52.568] - eth_getTransactionCount
[2022/03/12 14:03:52.595] - eth_getBalance
[2022/03/12 14:03:52.617] - eth_getTransactionCount
[2022/03/12 14:03:52.646] - eth_getBalance
[2022/03/12 14:03:52.739] - eth_getTransactionCount
[2022/03/12 14:03:52.744] - eth_getBalance
[2022/03/12 14:03:52.751] - eth_getTransactionCount
[2022/03/12 14:03:52.755] - eth_getBalance
[2022/03/12 14:03:52.787] - eth_getTransactionCount
[2022/03/12 14:03:52.822] - eth_getBalance
[2022/03/12 14:03:52.850] - eth_getTransactionCount
[2022/03/12 14:03:52.887] - eth_getBalance
[2022/03/12 14:03:52.921] - eth_getTransactionCount
[2022/03/12 14:03:52.980] - eth_getBalance
[2022/03/12 14:03:53.040] - eth_getTransactionCount
[2022/03/12 14:03:53.075] - eth_getBalance
[2022/03/12 14:03:53.110] - eth_getTransactionCount
[2022/03/12 14:03:53.134] - eth_getBalance
[2022/03/12 14:03:53.163] - eth_getTransactionCount
[2022/03/12 14:03:53.194] - eth_getBalance
[2022/03/12 14:03:53.238] - eth_getTransactionCount
[2022/03/12 14:03:53.280] - eth_getBalance
[2022/03/12 14:03:53.305] - eth_getTransactionCount
[2022/03/12 14:03:53.331] - eth_getBalance
[2022/03/12 14:03:53.357] - eth_getTransactionCount
[2022/03/12 14:03:53.382] - eth_getBalance
[2022/03/12 14:03:53.415] - eth_getTransactionCount
[2022/03/12 14:03:53.444] - eth_getBalance
[2022/03/12 14:03:53.546] - eth_getTransactionCount
[2022/03/12 14:03:53.578] - eth_getBalance
[2022/03/12 14:03:53.603] - eth_getTransactionCount
[2022/03/12 14:03:53.628] - eth_getBalance
[2022/03/12 14:03:53.651] - eth_getTransactionCount
[2022/03/12 14:03:53.690] - eth_getBalance
[2022/03/12 14:03:53.711] - eth_getTransactionCount
[2022/03/12 14:03:53.767] - eth_getBalance
[2022/03/12 14:03:53.828] - eth_getTransactionCount
[2022/03/12 14:03:53.854] - eth_getBalance
[2022/03/12 14:03:53.875] - eth_getTransactionCount
[2022/03/12 14:03:53.902] - eth_getBalance
[2022/03/12 14:03:53.922] - eth_getTransactionCount
[2022/03/12 14:03:53.944] - eth_getBalance
[2022/03/12 14:03:53.970] - eth_getTransactionCount
[2022/03/12 14:03:53.992] - eth_getBalance
[2022/03/12 14:03:54.029] - eth_getTransactionCount
[2022/03/12 14:03:54.048] - eth_getBalance
[2022/03/12 14:03:54.082] - eth_getTransactionCount
[2022/03/12 14:03:54.169] - eth_getBalance
[2022/03/12 14:03:54.194] - eth_getTransactionCount
[2022/03/12 14:03:54.222] - eth_getBalance
[2022/03/12 14:03:54.286] - eth_getTransactionCount
[2022/03/12 14:03:54.328] - eth_getBalance
[2022/03/12 14:03:54.430] - eth_getTransactionCount
[2022/03/12 14:03:54.445] - eth_getBalance
[2022/03/12 14:03:54.469] - eth_getTransactionCount
[2022/03/12 14:03:54.490] - eth_getBalance
[2022/03/12 14:03:54.516] - eth_getTransactionCount
[2022/03/12 14:03:54.546] - eth_getBalance
[2022/03/12 14:03:54.569] - eth_getTransactionCount
[2022/03/12 14:03:54.617] - eth_getBalance
[2022/03/12 14:03:54.684] - eth_getTransactionCount
[2022/03/12 14:03:54.789] - eth_getBalance
[2022/03/12 14:03:54.817] - eth_getTransactionCount
[2022/03/12 14:03:54.900] - eth_getBalance
[2022/03/12 14:03:54.930] - eth_getTransactionCount
[2022/03/12 14:03:54.954] - eth_getBalance
[2022/03/12 14:03:54.989] - eth_getTransactionCount
[2022/03/12 14:03:55.049] - eth_getBalance
[2022/03/12 14:03:55.097] - eth_getTransactionCount
[2022/03/12 14:03:55.175] - eth_getBalance
[2022/03/12 14:03:55.215] - eth_getTransactionCount
[2022/03/12 14:03:55.335] - eth_getBalance
[2022/03/12 14:03:55.408] - eth_getTransactionCount
[2022/03/12 14:03:55.443] - eth_getBalance
[2022/03/12 14:03:55.586] - eth_getTransactionCount
[2022/03/12 14:03:55.703] - eth_getBalance
[2022/03/12 14:03:55.782] - eth_getTransactionCount
[2022/03/12 14:03:55.812] - eth_getBalance
[2022/03/12 14:03:55.834] - eth_getTransactionCount
[2022/03/12 14:03:55.898] - eth_getBalance
[2022/03/12 14:03:55.921] - eth_getTransactionCount
[2022/03/12 14:03:55.957] - eth_getBalance
[2022/03/12 14:03:55.981] - eth_getTransactionCount
[2022/03/12 14:03:56.006] - eth_getBalance
[2022/03/12 14:03:56.035] - eth_getTransactionCount
[2022/03/12 14:03:56.065] - eth_getBalance
[2022/03/12 14:03:56.090] - eth_getTransactionCount
[2022/03/12 14:03:56.144] - eth_getBalance
[2022/03/12 14:03:56.176] - eth_getTransactionCount
[2022/03/12 14:03:56.209] - eth_getBalance
[2022/03/12 14:03:56.231] - eth_getTransactionCount
[2022/03/12 14:03:56.256] - eth_getBalance
[2022/03/12 14:03:56.284] - eth_getTransactionCount
[2022/03/12 14:03:56.307] - eth_getBalance
[2022/03/12 14:03:56.403] - eth_getTransactionCount
[2022/03/12 14:03:56.428] - eth_getBalance
[2022/03/12 14:03:56.466] - eth_getTransactionCount
[2022/03/12 14:03:56.495] - eth_getBalance
[2022/03/12 14:03:56.524] - eth_getTransactionCount
[2022/03/12 14:03:56.546] - eth_getBalance
[2022/03/12 14:03:56.583] - eth_getTransactionCount
[2022/03/12 14:03:56.659] - eth_getBalance
[2022/03/12 14:03:56.699] - eth_getTransactionCount
[2022/03/12 14:03:56.735] - eth_getBalance
[2022/03/12 14:03:56.864] - eth_getTransactionCount
[2022/03/12 14:03:56.921] - eth_getBalance
[2022/03/12 14:03:56.947] - eth_getTransactionCount
[2022/03/12 14:03:56.975] - eth_getBalance
[2022/03/12 14:03:57.000] - eth_getTransactionCount
[2022/03/12 14:03:57.031] - eth_getBalance
[2022/03/12 14:03:57.054] - eth_getTransactionCount
[2022/03/12 14:03:57.088] - eth_getBalance
[2022/03/12 14:03:57.128] - eth_getTransactionCount
[2022/03/12 14:03:57.154] - eth_getBalance
[2022/03/12 14:03:57.182] - eth_getTransactionCount
[2022/03/12 14:03:57.217] - eth_getBalance
[2022/03/12 14:03:57.252] - eth_getTransactionCount
[2022/03/12 14:03:57.295] - eth_getBalance
[2022/03/12 14:03:57.319] - eth_getTransactionCount
[2022/03/12 14:03:57.354] - eth_getBalance
[2022/03/12 14:03:57.409] - eth_getTransactionCount
[2022/03/12 14:03:57.467] - eth_getBalance
[2022/03/12 14:03:57.508] - eth_getTransactionCount
[2022/03/12 14:03:57.538] - eth_getBalance
[2022/03/12 14:03:57.564] - eth_getTransactionCount
[2022/03/12 14:03:57.587] - eth_getBalance
[2022/03/12 14:03:57.625] - eth_getTransactionCount
[2022/03/12 14:03:57.772] - eth_getBalance
[2022/03/12 14:03:57.803] - eth_getTransactionCount
[2022/03/12 14:03:57.831] - eth_getBalance
[2022/03/12 14:03:57.859] - eth_getTransactionCount
[2022/03/12 14:03:57.909] - eth_getBalance
[2022/03/12 14:03:57.939] - eth_getTransactionCount
[2022/03/12 14:03:57.963] - eth_getBalance
[2022/03/12 14:03:58.006] - eth_getTransactionCount
[2022/03/12 14:03:58.042] - eth_getBalance
[2022/03/12 14:03:58.072] - eth_getTransactionCount
[2022/03/12 14:03:58.102] - eth_getBalance
[2022/03/12 14:03:58.136] - eth_getTransactionCount
[2022/03/12 14:03:58.171] - eth_getBalance
[2022/03/12 14:03:58.191] - eth_getTransactionCount
[2022/03/12 14:03:58.218] - eth_getBalance
[2022/03/12 14:03:58.236] - eth_getTransactionCount
[2022/03/12 14:03:58.267] - eth_getBalance
[2022/03/12 14:03:58.317] - eth_getTransactionCount
[2022/03/12 14:03:58.402] - eth_getBalance
[2022/03/12 14:03:58.443] - eth_getTransactionCount
[2022/03/12 14:03:58.467] - eth_getBalance
[2022/03/12 14:03:58.494] - eth_getTransactionCount
[2022/03/12 14:03:58.526] - eth_getBalance
[2022/03/12 14:03:58.617] - eth_getTransactionCount
[2022/03/12 14:03:58.661] - eth_getBalance
[2022/03/12 14:03:58.682] - eth_getTransactionCount
[2022/03/12 14:03:58.707] - eth_getBalance
[2022/03/12 14:03:58.764] - eth_getTransactionCount
[2022/03/12 14:03:58.818] - eth_getBalance
[2022/03/12 14:03:58.846] - eth_getTransactionCount
[2022/03/12 14:03:58.875] - eth_getBalance
[2022/03/12 14:03:58.904] - eth_getTransactionCount
[2022/03/12 14:03:58.927] - eth_getBalance
[2022/03/12 14:03:58.955] - eth_getTransactionCount
[2022/03/12 14:03:58.992] - eth_getBalance
[2022/03/12 14:03:59.023] - eth_getTransactionCount
[2022/03/12 14:03:59.051] - eth_getBalance
[2022/03/12 14:03:59.072] - eth_getTransactionCount
[2022/03/12 14:03:59.099] - eth_getBalance
[2022/03/12 14:03:59.132] - eth_getTransactionCount
[2022/03/12 14:03:59.251] - eth_getBalance
[2022/03/12 14:03:59.338] - eth_getTransactionCount
[2022/03/12 14:03:59.361] - eth_getBalance
[2022/03/12 14:03:59.387] - eth_getTransactionCount
[2022/03/12 14:04:00.190] - eth_getTransactionCount
[2022/03/12 14:04:00.211] - eth_getBalance
[2022/03/12 14:04:00.238] - eth_getTransactionCount
[2022/03/12 14:04:00.261] - eth_getBalance
[2022/03/12 14:04:00.286] - eth_getTransactionCount
[2022/03/12 14:04:00.312] - eth_getBalance
[2022/03/12 14:04:00.333] - eth_getTransactionCount
[2022/03/12 14:04:00.367] - eth_getBalance
[2022/03/12 14:04:00.477] - eth_getTransactionCount
[2022/03/12 14:04:00.552] - eth_getBalance
[2022/03/12 14:04:00.573] - eth_getTransactionCount
[2022/03/12 14:04:00.597] - eth_getBalance
[2022/03/12 14:04:00.624] - eth_getTransactionCount
[2022/03/12 14:04:00.645] - eth_getBalance
[2022/03/12 14:04:00.670] - eth_getTransactionCount
[2022/03/12 14:04:00.691] - eth_getBalance
[2022/03/12 14:04:00.714] - eth_getTransactionCount
[2022/03/12 14:04:00.749] - eth_getBalance
[2022/03/12 14:04:00.784] - eth_getTransactionCount
[2022/03/12 14:04:00.809] - eth_getBalance
[2022/03/12 14:04:00.830] - eth_getTransactionCount
[2022/03/12 14:04:00.855] - eth_getBalance
[2022/03/12 14:04:00.881] - eth_getTransactionCount
[2022/03/12 14:04:00.902] - eth_getBalance
[2022/03/12 14:04:00.928] - eth_getTransactionCount
[2022/03/12 14:04:00.957] - eth_getBalance
[2022/03/12 14:04:01.034] - eth_getTransactionCount
[2022/03/12 14:04:01.062] - eth_getBalance
[2022/03/12 14:04:01.083] - eth_getTransactionCount
[2022/03/12 14:04:01.108] - eth_getBalance
[2022/03/12 14:04:01.130] - eth_getTransactionCount
[2022/03/12 14:04:01.156] - eth_getBalance
[2022/03/12 14:04:01.182] - eth_getTransactionCount
[2022/03/12 14:04:01.203] - eth_getBalance
[2022/03/12 14:04:01.285] - eth_getTransactionCount
[2022/03/12 14:04:01.306] - eth_getBalance
[2022/03/12 14:04:01.331] - eth_getTransactionCount
[2022/03/12 14:04:01.357] - eth_getBalance
[2022/03/12 14:04:01.377] - eth_getTransactionCount
[2022/03/12 14:04:01.404] - eth_getBalance
[2022/03/12 14:04:01.425] - eth_getTransactionCount
[2022/03/12 14:04:01.450] - eth_getBalance
[2022/03/12 14:04:01.474] - eth_getTransactionCount
[2022/03/12 14:04:01.494] - eth_getBalance
[2022/03/12 14:04:01.520] - eth_getTransactionCount
[2022/03/12 14:04:01.545] - eth_getBalance
[2022/03/12 14:04:01.575] - eth_getTransactionCount
[2022/03/12 14:04:01.604] - eth_getBalance
[2022/03/12 14:04:01.632] - eth_getTransactionCount
[2022/03/12 14:04:01.659] - eth_getBalance
[2022/03/12 14:04:01.680] - eth_getTransactionCount
[2022/03/12 14:04:01.704] - eth_getBalance
[2022/03/12 14:04:01.728] - eth_getTransactionCount
[2022/03/12 14:04:01.751] - eth_getBalance
[2022/03/12 14:04:01.781] - eth_getTransactionCount
[2022/03/12 14:04:01.801] - eth_getBalance
[2022/03/12 14:04:01.824] - eth_getTransactionCount
[2022/03/12 14:04:01.850] - eth_getBalance
[2022/03/12 14:04:01.870] - eth_getTransactionCount
[2022/03/12 14:04:01.896] - eth_getBalance
[2022/03/12 14:04:01.920] - eth_getTransactionCount
[2022/03/12 14:04:01.946] - eth_getBalance
[2022/03/12 14:04:01.972] - eth_getTransactionCount
[2022/03/12 14:04:01.992] - eth_getBalance
[2022/03/12 14:04:02.016] - eth_getTransactionCount
[2022/03/12 14:04:02.038] - eth_getBalance
[2022/03/12 14:04:02.061] - eth_getTransactionCount
[2022/03/12 14:04:02.085] - eth_getBalance
[2022/03/12 14:04:02.104] - eth_getTransactionCount
[2022/03/12 14:04:02.129] - eth_getBalance
[2022/03/12 14:04:02.149] - eth_getTransactionCount
[2022/03/12 14:04:02.172] - eth_getBalance
[2022/03/12 14:04:02.196] - eth_getTransactionCount
[2022/03/12 14:04:02.216] - eth_getBalance
[2022/03/12 14:04:02.241] - eth_getTransactionCount
[2022/03/12 14:04:02.261] - eth_getBalance
[2022/03/12 14:04:02.285] - eth_getTransactionCount
[2022/03/12 14:04:02.314] - eth_getBalance
[2022/03/12 14:04:02.374] - eth_getTransactionCount
[2022/03/12 14:04:02.402] - eth_getBalance
[2022/03/12 14:04:02.431] - eth_getTransactionCount
[2022/03/12 14:04:02.457] - eth_getBalance
[2022/03/12 14:04:02.483] - eth_getTransactionCount
[2022/03/12 14:04:02.504] - eth_getBalance
[2022/03/12 14:04:02.540] - eth_getTransactionCount
[2022/03/12 14:04:02.628] - eth_getBalance
[2022/03/12 14:04:02.664] - eth_getTransactionCount
[2022/03/12 14:04:02.688] - eth_getBalance
[2022/03/12 14:04:02.714] - eth_getTransactionCount
[2022/03/12 14:04:02.740] - eth_getBalance
[2022/03/12 14:04:02.775] - eth_getTransactionCount
[2022/03/12 14:04:02.835] - eth_getBalance
[2022/03/12 14:04:02.863] - eth_getTransactionCount
[2022/03/12 14:04:02.892] - eth_getBalance
[2022/03/12 14:04:02.916] - eth_getTransactionCount
[2022/03/12 14:04:02.939] - eth_getBalance
[2022/03/12 14:04:02.989] - eth_getTransactionCount
[2022/03/12 14:04:03.040] - eth_getBalance
[2022/03/12 14:04:03.063] - eth_getTransactionCount
[2022/03/13 10:09:20.520] - eth_unsubscribe
[2022/03/13 10:09:20.612] - eth_unsubscribe
