[2022/03/12 14:01:04.206] - Starting server with initial configuration: {"gasLimit":6721975,"gasPrice":20000000000,"hardfork":"muirGlacier","hostname":"127.0.0.1","port":7545,"network_id":5777,"default_balance_ether":100,"total_accounts":50,"unlocked_accounts":[],"locked":false,"vmErrorsOnRPCResponse":true,"verbose":false,"db_path":"/Users/thomaswhitehill/Library/Application Support/Ganache/workspaces/troubled-arch/chaindata","logDirectory":"/Users/thomaswhitehill/IdeaProjects/FlightSurety/ganachelogs"}
[2022/03/12 14:01:04.413] - eth_subscribe
[2022/03/12 14:01:04.414] - eth_getLogs
[2022/03/12 14:01:04.415] - eth_subscribe
[2022/03/12 14:01:04.449] - eth_subscribe
[2022/03/12 14:01:04.451] - eth_getLogs
[2022/03/12 14:01:04.451] - eth_subscribe
[2022/03/12 14:01:04.526] - eth_blockNumber
[2022/03/12 14:01:04.527] - eth_accounts
[2022/03/12 14:01:04.527] - eth_gasPrice
[2022/03/12 14:01:04.528] - eth_getBlockByNumber
[2022/03/12 14:01:04.529] - eth_subscribe
[2022/03/12 14:01:04.541] - eth_accounts
[2022/03/12 14:01:04.593] - eth_getBalance
[2022/03/12 14:01:04.597] - eth_getTransactionCount
[2022/03/12 14:01:04.598] - eth_getBalance
[2022/03/12 14:01:04.600] - eth_getTransactionCount
[2022/03/12 14:01:04.604] - eth_getBalance
[2022/03/12 14:01:04.604] - eth_getTransactionCount
[2022/03/12 14:01:04.606] - eth_getBalance
[2022/03/12 14:01:04.608] - eth_getTransactionCount
[2022/03/12 14:01:04.610] - eth_getBalance
[2022/03/12 14:01:04.613] - eth_getTransactionCount
[2022/03/12 14:01:04.613] - eth_getBalance
[2022/03/12 14:01:04.616] - eth_getTransactionCount
[2022/03/12 14:01:04.617] - eth_getBalance
[2022/03/12 14:01:04.619] - eth_getTransactionCount
[2022/03/12 14:01:04.624] - eth_getBalance
[2022/03/12 14:01:04.624] - eth_getTransactionCount
[2022/03/12 14:01:04.626] - eth_getBalance
[2022/03/12 14:01:04.630] - eth_getTransactionCount
[2022/03/12 14:01:04.632] - eth_getBalance
[2022/03/12 14:01:04.634] - eth_getTransactionCount
[2022/03/12 14:01:04.635] - eth_getBalance
[2022/03/12 14:01:04.637] - eth_getTransactionCount
[2022/03/12 14:01:04.639] - eth_getBalance
[2022/03/12 14:01:04.640] - eth_getTransactionCount
[2022/03/12 14:01:04.642] - eth_getBalance
[2022/03/12 14:01:04.644] - eth_getTransactionCount
[2022/03/12 14:01:04.646] - eth_getBalance
[2022/03/12 14:01:04.647] - eth_getTransactionCount
[2022/03/12 14:01:04.649] - eth_getBalance
[2022/03/12 14:01:04.651] - eth_getTransactionCount
[2022/03/12 14:01:04.653] - eth_getBalance
[2022/03/12 14:01:04.654] - eth_getTransactionCount
[2022/03/12 14:01:04.656] - eth_getBalance
[2022/03/12 14:01:04.658] - eth_getTransactionCount
[2022/03/12 14:01:04.659] - eth_getBalance
[2022/03/12 14:01:04.661] - eth_getTransactionCount
[2022/03/12 14:01:04.663] - eth_getBalance
[2022/03/12 14:01:04.665] - eth_getTransactionCount
[2022/03/12 14:01:04.666] - eth_getBalance
[2022/03/12 14:01:04.669] - eth_getTransactionCount
[2022/03/12 14:01:04.671] - eth_getBalance
[2022/03/12 14:01:04.673] - eth_getTransactionCount
[2022/03/12 14:01:04.676] - eth_getBalance
[2022/03/12 14:01:04.677] - eth_getTransactionCount
[2022/03/12 14:01:04.680] - eth_getBalance
[2022/03/12 14:01:04.682] - eth_getTransactionCount
[2022/03/12 14:01:04.684] - eth_getBalance
[2022/03/12 14:01:04.686] - eth_getTransactionCount
[2022/03/12 14:01:04.687] - eth_getBalance
[2022/03/12 14:01:04.689] - eth_getTransactionCount
[2022/03/12 14:01:04.691] - eth_getBalance
[2022/03/12 14:01:04.693] - eth_getTransactionCount
[2022/03/12 14:01:04.695] - eth_getBalance
[2022/03/12 14:01:04.697] - eth_getTransactionCount
[2022/03/12 14:01:04.700] - eth_getBalance
[2022/03/12 14:01:04.701] - eth_getTransactionCount
[2022/03/12 14:01:04.705] - eth_getBalance
[2022/03/12 14:01:04.707] - eth_getTransactionCount
[2022/03/12 14:01:04.709] - eth_getBalance
[2022/03/12 14:01:04.711] - eth_getTransactionCount
[2022/03/12 14:01:04.713] - eth_getBalance
[2022/03/12 14:01:04.715] - eth_getTransactionCount
[2022/03/12 14:01:04.717] - eth_getBalance
[2022/03/12 14:01:04.720] - eth_getTransactionCount
[2022/03/12 14:01:04.722] - eth_getBalance
[2022/03/12 14:01:04.723] - eth_getTransactionCount
[2022/03/12 14:01:04.725] - eth_getBalance
[2022/03/12 14:01:04.728] - eth_getTransactionCount
[2022/03/12 14:01:04.730] - eth_getBalance
[2022/03/12 14:01:04.733] - eth_getTransactionCount
[2022/03/12 14:01:04.736] - eth_getBalance
[2022/03/12 14:01:04.737] - eth_getTransactionCount
[2022/03/12 14:01:04.739] - eth_getBalance
[2022/03/12 14:01:04.741] - eth_getTransactionCount
[2022/03/12 14:01:04.744] - eth_getBalance
[2022/03/12 14:01:04.745] - eth_getTransactionCount
[2022/03/12 14:01:04.747] - eth_getBalance
[2022/03/12 14:01:04.753] - eth_getTransactionCount
[2022/03/12 14:01:04.754] - eth_getBalance
[2022/03/12 14:01:04.754] - eth_getTransactionCount
[2022/03/12 14:01:04.755] - eth_getBalance
[2022/03/12 14:01:04.759] - eth_getTransactionCount
[2022/03/12 14:01:04.760] - eth_getBalance
[2022/03/12 14:01:04.761] - eth_getTransactionCount
[2022/03/12 14:01:04.763] - eth_getBalance
[2022/03/12 14:01:04.765] - eth_getTransactionCount
[2022/03/12 14:01:04.767] - eth_getBalance
[2022/03/12 14:01:04.770] - eth_getTransactionCount
[2022/03/12 14:01:04.771] - eth_getBalance
[2022/03/12 14:01:04.773] - eth_getTransactionCount
[2022/03/12 14:01:04.775] - eth_getBalance
[2022/03/12 14:01:04.778] - eth_getTransactionCount
[2022/03/12 14:01:04.779] - eth_getBalance
[2022/03/12 14:01:04.781] - eth_getTransactionCount
[2022/03/12 14:01:04.783] - eth_getBalance
[2022/03/12 14:01:04.785] - eth_getTransactionCount
[2022/03/12 14:01:04.788] - eth_getBalance
[2022/03/12 14:01:04.789] - eth_getTransactionCount
[2022/03/12 14:01:04.792] - eth_getBalance
[2022/03/12 14:01:04.793] - eth_getTransactionCount
[2022/03/12 14:01:04.795] - eth_getBalance
[2022/03/12 14:01:04.797] - eth_getTransactionCount
[2022/03/12 14:01:04.813] - eth_getBalance
[2022/03/12 14:01:04.814] - eth_getTransactionCount
[2022/03/12 14:01:04.814] - eth_getBalance
[2022/03/12 14:01:04.815] - eth_getTransactionCount
[2022/03/12 14:01:04.815] - eth_getBalance
[2022/03/12 14:01:04.816] - eth_getTransactionCount
[2022/03/12 14:01:04.817] - eth_getBalance
[2022/03/12 14:01:04.817] - eth_getTransactionCount
[2022/03/12 14:01:04.817] - eth_getBalance
[2022/03/12 14:01:04.819] - eth_getTransactionCount
[2022/03/12 14:01:04.823] - eth_getBalance
[2022/03/12 14:01:04.824] - eth_getTransactionCount
[2022/03/12 14:01:04.827] - eth_getBalance
[2022/03/12 14:01:04.829] - eth_getTransactionCount
[2022/03/12 14:01:04.832] - eth_getBalance
[2022/03/12 14:01:04.835] - eth_getTransactionCount
[2022/03/12 14:01:04.835] - eth_getBalance
[2022/03/12 14:01:04.837] - eth_getTransactionCount
[2022/03/12 14:01:04.839] - eth_getBalance
[2022/03/12 14:01:04.840] - eth_getTransactionCount
[2022/03/12 14:01:04.843] - eth_getBalance
[2022/03/12 14:01:04.844] - eth_getTransactionCount
[2022/03/12 14:01:04.846] - eth_getBalance
[2022/03/12 14:01:04.849] - eth_getTransactionCount
[2022/03/12 14:01:04.850] - eth_getBalance
[2022/03/12 14:01:04.852] - eth_getTransactionCount
[2022/03/12 14:01:04.854] - eth_getBalance
[2022/03/12 14:01:04.855] - eth_getTransactionCount
[2022/03/12 14:01:04.859] - eth_getBalance
[2022/03/12 14:01:04.860] - eth_getTransactionCount
[2022/03/12 14:01:04.860] - eth_getBalance
[2022/03/12 14:01:04.862] - eth_getTransactionCount
[2022/03/12 14:01:04.864] - eth_getBalance
[2022/03/12 14:01:04.865] - eth_getTransactionCount
[2022/03/12 14:01:04.869] - eth_getBalance
[2022/03/12 14:01:04.880] - eth_getTransactionCount
[2022/03/12 14:01:04.880] - eth_getBalance
[2022/03/12 14:01:04.881] - eth_getTransactionCount
[2022/03/12 14:01:04.881] - eth_getBalance
[2022/03/12 14:01:04.881] - eth_getTransactionCount
[2022/03/12 14:01:04.883] - eth_getBalance
[2022/03/12 14:01:04.883] - eth_getTransactionCount
[2022/03/12 14:01:04.884] - eth_getBalance
[2022/03/12 14:01:04.885] - eth_getTransactionCount
[2022/03/12 14:01:04.887] - eth_getBalance
[2022/03/12 14:01:04.888] - eth_getTransactionCount
[2022/03/12 14:01:04.899] - eth_getBalance
[2022/03/12 14:01:04.900] - eth_getTransactionCount
[2022/03/12 14:01:04.900] - eth_getBalance
[2022/03/12 14:01:04.900] - eth_getTransactionCount
[2022/03/12 14:01:04.901] - eth_getBalance
[2022/03/12 14:01:04.901] - eth_getTransactionCount
[2022/03/12 14:01:04.901] - eth_getBalance
[2022/03/12 14:01:04.902] - eth_getTransactionCount
[2022/03/12 14:01:04.903] - eth_getBalance
[2022/03/12 14:01:04.905] - eth_getTransactionCount
[2022/03/12 14:01:04.906] - eth_getBalance
[2022/03/12 14:01:04.908] - eth_getTransactionCount
[2022/03/12 14:01:04.910] - eth_getBalance
[2022/03/12 14:01:04.912] - eth_getTransactionCount
[2022/03/12 14:01:04.913] - eth_getBalance
[2022/03/12 14:01:04.915] - eth_getTransactionCount
[2022/03/12 14:01:04.916] - eth_getBalance
[2022/03/12 14:01:04.918] - eth_getTransactionCount
[2022/03/12 14:01:04.919] - eth_getBalance
[2022/03/12 14:01:04.921] - eth_getTransactionCount
[2022/03/12 14:01:04.922] - eth_getBalance
[2022/03/12 14:01:04.923] - eth_getTransactionCount
[2022/03/12 14:01:04.925] - eth_getBalance
[2022/03/12 14:01:04.926] - eth_getTransactionCount
[2022/03/12 14:01:04.928] - eth_getBalance
[2022/03/12 14:01:04.930] - eth_getTransactionCount
[2022/03/12 14:01:04.933] - eth_getBalance
[2022/03/12 14:01:04.933] - eth_getTransactionCount
[2022/03/12 14:01:04.934] - eth_getBalance
[2022/03/12 14:01:04.936] - eth_getTransactionCount
[2022/03/12 14:01:04.937] - eth_getBalance
[2022/03/12 14:01:04.940] - eth_getTransactionCount
[2022/03/12 14:01:04.942] - eth_getBalance
[2022/03/12 14:01:04.943] - eth_getTransactionCount
[2022/03/12 14:01:04.947] - eth_getBalance
[2022/03/12 14:01:04.948] - eth_getTransactionCount
[2022/03/12 14:01:04.950] - eth_getBalance
[2022/03/12 14:01:04.951] - eth_getTransactionCount
[2022/03/12 14:01:04.953] - eth_getBalance
[2022/03/12 14:01:04.954] - eth_getTransactionCount
[2022/03/12 14:01:04.956] - eth_getBalance
[2022/03/12 14:01:04.957] - eth_getTransactionCount
[2022/03/12 14:01:04.962] - eth_getBalance
[2022/03/12 14:01:04.962] - eth_getTransactionCount
[2022/03/12 14:01:04.963] - eth_getBalance
[2022/03/12 14:01:04.963] - eth_getTransactionCount
[2022/03/12 14:01:04.965] - eth_getBalance
[2022/03/12 14:01:04.966] - eth_getTransactionCount
[2022/03/12 14:01:04.968] - eth_getBalance
[2022/03/12 14:01:04.970] - eth_getTransactionCount
[2022/03/12 14:01:04.971] - eth_getBalance
[2022/03/12 14:01:04.973] - eth_getTransactionCount
[2022/03/12 14:01:04.978] - eth_blockNumber
[2022/03/12 14:01:04.978] - eth_accounts
[2022/03/12 14:01:04.978] - eth_gasPrice
[2022/03/12 14:01:04.979] - eth_getBlockByNumber
[2022/03/12 14:01:04.979] - eth_subscribe
[2022/03/12 14:01:05.653] - eth_getBalance
[2022/03/12 14:01:05.656] - eth_getTransactionCount
[2022/03/12 14:01:05.674] - eth_getBalance
[2022/03/12 14:01:05.675] - eth_getTransactionCount
[2022/03/12 14:01:05.675] - eth_getBalance
[2022/03/12 14:01:05.675] - eth_getTransactionCount
[2022/03/12 14:01:05.675] - eth_getBalance
[2022/03/12 14:01:05.677] - eth_getTransactionCount
[2022/03/12 14:01:05.678] - eth_getBalance
[2022/03/12 14:01:05.678] - eth_getTransactionCount
[2022/03/12 14:01:05.678] - eth_getBalance
[2022/03/12 14:01:05.681] - eth_getTransactionCount
[2022/03/12 14:01:05.681] - eth_getBalance
[2022/03/12 14:01:05.681] - eth_getTransactionCount
[2022/03/12 14:01:05.681] - eth_getBalance
[2022/03/12 14:01:05.682] - eth_getTransactionCount
[2022/03/12 14:01:05.682] - eth_getBalance
[2022/03/12 14:01:05.682] - eth_getTransactionCount
[2022/03/12 14:01:05.683] - eth_getBalance
[2022/03/12 14:01:05.683] - eth_getTransactionCount
[2022/03/12 14:01:05.684] - eth_getBalance
[2022/03/12 14:01:05.685] - eth_getTransactionCount
[2022/03/12 14:01:05.687] - eth_getBalance
[2022/03/12 14:01:05.689] - eth_getTransactionCount
[2022/03/12 14:01:05.691] - eth_getBalance
[2022/03/12 14:01:05.692] - eth_getTransactionCount
[2022/03/12 14:01:05.695] - eth_getBalance
[2022/03/12 14:01:05.701] - eth_getTransactionCount
[2022/03/12 14:01:05.701] - eth_getBalance
[2022/03/12 14:01:05.702] - eth_getTransactionCount
[2022/03/12 14:01:05.702] - eth_getBalance
[2022/03/12 14:01:05.707] - eth_getTransactionCount
[2022/03/12 14:01:05.707] - eth_getBalance
[2022/03/12 14:01:05.708] - eth_getTransactionCount
[2022/03/12 14:01:05.710] - eth_getBalance
[2022/03/12 14:01:05.710] - eth_getTransactionCount
[2022/03/12 14:01:05.712] - eth_getBalance
[2022/03/12 14:01:05.713] - eth_getTransactionCount
[2022/03/12 14:01:05.715] - eth_getBalance
[2022/03/12 14:01:05.716] - eth_getTransactionCount
[2022/03/12 14:01:05.718] - eth_getBalance
[2022/03/12 14:01:05.719] - eth_getTransactionCount
[2022/03/12 14:01:05.721] - eth_getBalance
[2022/03/12 14:01:05.722] - eth_getTransactionCount
[2022/03/12 14:01:05.724] - eth_getBalance
[2022/03/12 14:01:05.725] - eth_getTransactionCount
[2022/03/12 14:01:05.727] - eth_getBalance
[2022/03/12 14:01:05.728] - eth_getTransactionCount
[2022/03/12 14:01:05.730] - eth_getBalance
[2022/03/12 14:01:05.731] - eth_getTransactionCount
[2022/03/12 14:01:05.735] - eth_getBalance
[2022/03/12 14:01:05.738] - eth_getTransactionCount
[2022/03/12 14:01:05.739] - eth_getBalance
[2022/03/12 14:01:05.739] - eth_getTransactionCount
[2022/03/12 14:01:05.741] - eth_getBalance
[2022/03/12 14:01:05.745] - eth_getTransactionCount
[2022/03/12 14:01:05.745] - eth_getBalance
[2022/03/12 14:01:05.746] - eth_getTransactionCount
[2022/03/12 14:01:05.748] - eth_getBalance
[2022/03/12 14:01:05.749] - eth_getTransactionCount
[2022/03/12 14:01:05.751] - eth_getBalance
[2022/03/12 14:01:05.752] - eth_getTransactionCount
[2022/03/12 14:01:05.754] - eth_getBalance
[2022/03/12 14:01:05.754] - eth_getTransactionCount
[2022/03/12 14:01:05.757] - eth_getBalance
[2022/03/12 14:01:05.759] - eth_getTransactionCount
[2022/03/12 14:01:05.761] - eth_getBalance
[2022/03/12 14:01:05.762] - eth_getTransactionCount
[2022/03/12 14:01:05.764] - eth_getBalance
[2022/03/12 14:01:05.767] - eth_getTransactionCount
[2022/03/12 14:01:05.767] - eth_getBalance
[2022/03/12 14:01:05.768] - eth_getTransactionCount
[2022/03/12 14:01:05.770] - eth_getBalance
[2022/03/12 14:01:05.771] - eth_getTransactionCount
[2022/03/12 14:01:05.772] - eth_getBalance
[2022/03/12 14:01:05.773] - eth_getTransactionCount
[2022/03/12 14:01:05.774] - eth_getBalance
[2022/03/12 14:01:05.776] - eth_getTransactionCount
[2022/03/12 14:01:05.777] - eth_getBalance
[2022/03/12 14:01:05.781] - eth_getTransactionCount
[2022/03/12 14:01:05.781] - eth_getBalance
[2022/03/12 14:01:05.782] - eth_getTransactionCount
[2022/03/12 14:01:05.783] - eth_getBalance
[2022/03/12 14:01:05.785] - eth_getTransactionCount
[2022/03/12 14:01:05.785] - eth_getBalance
[2022/03/12 14:01:05.787] - eth_getTransactionCount
[2022/03/12 14:01:05.788] - eth_getBalance
[2022/03/12 14:01:05.791] - eth_getTransactionCount
[2022/03/12 14:01:05.798] - eth_getBalance
[2022/03/12 14:01:05.798] - eth_getTransactionCount
[2022/03/12 14:01:05.799] - eth_getBalance
[2022/03/12 14:01:05.799] - eth_getTransactionCount
[2022/03/12 14:01:05.799] - eth_getBalance
[2022/03/12 14:01:05.799] - eth_getTransactionCount
[2022/03/12 14:01:05.801] - eth_getBalance
[2022/03/12 14:01:05.802] - eth_getTransactionCount
[2022/03/12 14:01:05.802] - eth_getBalance
[2022/03/12 14:01:05.804] - eth_getTransactionCount
[2022/03/12 14:01:05.804] - eth_getBalance
[2022/03/12 14:01:05.805] - eth_getTransactionCount
[2022/03/12 14:01:05.806] - eth_getBalance
[2022/03/12 14:01:05.807] - eth_getTransactionCount
[2022/03/12 14:01:05.808] - eth_getBalance
[2022/03/12 14:01:05.810] - eth_getTransactionCount
[2022/03/12 14:01:05.811] - eth_getBalance
[2022/03/12 14:01:05.813] - eth_getTransactionCount
[2022/03/12 14:01:05.816] - eth_getBalance
[2022/03/12 14:01:05.816] - eth_getTransactionCount
[2022/03/12 14:01:05.817] - eth_getBalance
[2022/03/12 14:01:05.819] - eth_getTransactionCount
[2022/03/12 14:01:05.820] - eth_getBalance
[2022/03/12 14:01:05.821] - eth_getTransactionCount
[2022/03/12 14:01:05.823] - eth_getBalance
[2022/03/12 14:01:05.825] - eth_getTransactionCount
[2022/03/12 14:01:05.826] - eth_getBalance
[2022/03/12 14:01:05.827] - eth_getTransactionCount
[2022/03/12 14:01:05.829] - eth_getBalance
[2022/03/12 14:01:05.830] - eth_getTransactionCount
[2022/03/12 14:01:05.831] - eth_getBalance
[2022/03/12 14:01:05.832] - eth_getTransactionCount
[2022/03/12 14:01:05.834] - eth_getBalance
[2022/03/12 14:01:05.835] - eth_getTransactionCount
[2022/03/12 14:01:05.837] - eth_getBalance
[2022/03/12 14:01:05.837] - eth_getTransactionCount
[2022/03/12 14:01:05.839] - eth_getBalance
[2022/03/12 14:01:05.840] - eth_getTransactionCount
[2022/03/12 14:01:05.841] - eth_getBalance
[2022/03/12 14:01:05.842] - eth_getTransactionCount
[2022/03/12 14:01:05.843] - eth_getBalance
[2022/03/12 14:01:05.845] - eth_getTransactionCount
[2022/03/12 14:01:05.846] - eth_getBalance
[2022/03/12 14:01:05.848] - eth_getTransactionCount
[2022/03/12 14:01:05.849] - eth_getBalance
[2022/03/12 14:01:05.850] - eth_getTransactionCount
[2022/03/12 14:01:05.851] - eth_getBalance
[2022/03/12 14:01:05.852] - eth_getTransactionCount
[2022/03/12 14:01:05.853] - eth_getBalance
[2022/03/12 14:01:05.855] - eth_getTransactionCount
[2022/03/12 14:01:05.856] - eth_getBalance
[2022/03/12 14:01:05.858] - eth_getTransactionCount
[2022/03/12 14:01:05.859] - eth_getBalance
[2022/03/12 14:01:05.860] - eth_getTransactionCount
[2022/03/12 14:01:05.861] - eth_getBalance
[2022/03/12 14:01:05.863] - eth_getTransactionCount
[2022/03/12 14:01:05.864] - eth_getBalance
[2022/03/12 14:01:05.865] - eth_getTransactionCount
[2022/03/12 14:01:05.866] - eth_getBalance
[2022/03/12 14:01:05.868] - eth_getTransactionCount
[2022/03/12 14:01:05.869] - eth_getBalance
[2022/03/12 14:01:05.871] - eth_getTransactionCount
[2022/03/12 14:01:05.871] - eth_getBalance
[2022/03/12 14:01:05.873] - eth_getTransactionCount
[2022/03/12 14:01:05.874] - eth_getBalance
[2022/03/12 14:01:05.875] - eth_getTransactionCount
[2022/03/12 14:01:05.876] - eth_getBalance
[2022/03/12 14:01:05.877] - eth_getTransactionCount
[2022/03/12 14:01:05.879] - eth_getBalance
[2022/03/12 14:01:05.880] - eth_getTransactionCount
[2022/03/12 14:01:05.882] - eth_getBalance
[2022/03/12 14:01:05.883] - eth_getTransactionCount
[2022/03/12 14:01:05.884] - eth_getBalance
[2022/03/12 14:01:05.885] - eth_getTransactionCount
[2022/03/12 14:01:05.887] - eth_getBalance
[2022/03/12 14:01:05.888] - eth_getTransactionCount
[2022/03/12 14:01:05.891] - eth_getBalance
[2022/03/12 14:01:05.892] - eth_getTransactionCount
[2022/03/12 14:01:05.894] - eth_getBalance
[2022/03/12 14:01:05.895] - eth_getTransactionCount
[2022/03/12 14:01:05.896] - eth_getBalance
[2022/03/12 14:01:05.897] - eth_getTransactionCount
[2022/03/12 14:01:05.899] - eth_getBalance
[2022/03/12 14:01:05.900] - eth_getTransactionCount
[2022/03/12 14:01:05.901] - eth_getBalance
[2022/03/12 14:01:05.903] - eth_getTransactionCount
[2022/03/12 14:01:05.904] - eth_getBalance
[2022/03/12 14:01:05.905] - eth_getTransactionCount
[2022/03/12 14:01:05.907] - eth_getBalance
[2022/03/12 14:01:05.908] - eth_getTransactionCount
[2022/03/12 14:01:05.909] - eth_getBalance
[2022/03/12 14:01:05.910] - eth_getTransactionCount
[2022/03/12 14:01:05.912] - eth_getBalance
[2022/03/12 14:01:05.913] - eth_getTransactionCount
[2022/03/12 14:01:05.915] - eth_getBalance
[2022/03/12 14:01:05.916] - eth_getTransactionCount
[2022/03/12 14:01:05.917] - eth_getBalance
[2022/03/12 14:01:05.918] - eth_getTransactionCount
[2022/03/12 14:01:05.919] - eth_getBalance
[2022/03/12 14:01:05.921] - eth_getTransactionCount
[2022/03/12 14:01:05.922] - eth_getBalance
[2022/03/12 14:01:05.923] - eth_getTransactionCount
[2022/03/12 14:01:05.924] - eth_getBalance
[2022/03/12 14:01:05.929] - eth_getTransactionCount
[2022/03/12 14:01:05.929] - eth_getBalance
[2022/03/12 14:01:05.930] - eth_getTransactionCount
[2022/03/12 14:01:05.930] - eth_getBalance
[2022/03/12 14:01:05.932] - eth_getTransactionCount
[2022/03/12 14:01:05.932] - eth_getBalance
[2022/03/12 14:01:05.933] - eth_getTransactionCount
[2022/03/12 14:01:05.935] - eth_getBalance
[2022/03/12 14:01:05.936] - eth_getTransactionCount
[2022/03/12 14:01:14.483] - eth_unsubscribe
[2022/03/12 14:01:14.484] - eth_unsubscribe
