[2022/03/02 06:32:00.695] - Starting server with initial configuration: {"gasLimit":6721975,"gasPrice":20000000000,"hardfork":"muirGlacier","hostname":"127.0.0.1","port":7545,"network_id":5777,"default_balance_ether":100,"total_accounts":50,"unlocked_accounts":[],"locked":false,"vmErrorsOnRPCResponse":true,"verbose":false,"db_path":"/Users/thomaswhitehill/Library/Application Support/Ganache/workspaces/troubled-arch/chaindata","logDirectory":"/Users/thomaswhitehill/IdeaProjects/FlightSurety/ganachelogs"}
[2022/03/02 06:32:00.866] - eth_getCode
[2022/03/02 06:32:00.866] - eth_subscribe
[2022/03/02 06:32:00.867] - eth_getLogs
[2022/03/02 06:32:00.869] - eth_subscribe
[2022/03/02 06:32:00.873] - eth_getCode
[2022/03/02 06:32:00.882] - eth_getCode
[2022/03/02 06:32:00.936] - eth_getCode
[2022/03/02 06:32:00.936] - eth_subscribe
[2022/03/02 06:32:00.936] - eth_getLogs
[2022/03/02 06:32:00.938] - eth_subscribe
[2022/03/02 06:32:00.939] - eth_getCode
[2022/03/02 06:32:00.947] - eth_getCode
[2022/03/02 06:32:01.112] - eth_blockNumber
[2022/03/02 06:32:01.113] - eth_accounts
[2022/03/02 06:32:01.113] - eth_gasPrice
[2022/03/02 06:32:01.113] - eth_blockNumber
[2022/03/02 06:32:01.114] - eth_getBlockByNumber
[2022/03/02 06:32:01.114] - eth_accounts
[2022/03/02 06:32:01.114] - eth_gasPrice
[2022/03/02 06:32:01.114] - eth_subscribe
[2022/03/02 06:32:01.114] - eth_getBlockByNumber
[2022/03/02 06:32:01.115] - eth_subscribe
[2022/03/02 06:32:01.149] - eth_accounts
[2022/03/02 06:32:01.250] - eth_getBalance
[2022/03/02 06:32:01.263] - eth_getTransactionCount
[2022/03/02 06:32:01.275] - eth_getBalance
[2022/03/02 06:32:01.286] - eth_getTransactionCount
[2022/03/02 06:32:01.299] - eth_getBalance
[2022/03/02 06:32:01.309] - eth_getTransactionCount
[2022/03/02 06:32:01.319] - eth_getBalance
[2022/03/02 06:32:01.331] - eth_getTransactionCount
[2022/03/02 06:32:01.342] - eth_getBalance
[2022/03/02 06:32:01.353] - eth_getTransactionCount
[2022/03/02 06:32:01.366] - eth_getBalance
[2022/03/02 06:32:01.377] - eth_getTransactionCount
[2022/03/02 06:32:01.389] - eth_getBalance
[2022/03/02 06:32:01.398] - eth_getTransactionCount
[2022/03/02 06:32:01.408] - eth_getBalance
[2022/03/02 06:32:01.422] - eth_getTransactionCount
[2022/03/02 06:32:01.433] - eth_getBalance
[2022/03/02 06:32:01.443] - eth_getTransactionCount
[2022/03/02 06:32:01.455] - eth_getBalance
[2022/03/02 06:32:01.465] - eth_getTransactionCount
[2022/03/02 06:32:01.475] - eth_getBalance
[2022/03/02 06:32:01.487] - eth_getTransactionCount
[2022/03/02 06:32:01.498] - eth_getBalance
[2022/03/02 06:32:01.510] - eth_getTransactionCount
[2022/03/02 06:32:01.520] - eth_getBalance
[2022/03/02 06:32:01.531] - eth_getTransactionCount
[2022/03/02 06:32:01.543] - eth_getBalance
[2022/03/02 06:32:01.553] - eth_getTransactionCount
[2022/03/02 06:32:01.563] - eth_getBalance
[2022/03/02 06:32:01.576] - eth_getTransactionCount
[2022/03/02 06:32:01.586] - eth_getBalance
[2022/03/02 06:32:01.596] - eth_getTransactionCount
[2022/03/02 06:32:01.608] - eth_getBalance
[2022/03/02 06:32:01.618] - eth_getTransactionCount
[2022/03/02 06:32:01.631] - eth_getBalance
[2022/03/02 06:32:01.641] - eth_getTransactionCount
[2022/03/02 06:32:01.652] - eth_getBalance
[2022/03/02 06:32:01.664] - eth_getTransactionCount
[2022/03/02 06:32:01.674] - eth_getBalance
[2022/03/02 06:32:01.684] - eth_getTransactionCount
[2022/03/02 06:32:01.700] - eth_getBalance
[2022/03/02 06:32:01.722] - eth_getTransactionCount
[2022/03/02 06:32:01.733] - eth_getBalance
[2022/03/02 06:32:01.743] - eth_getTransactionCount
[2022/03/02 06:32:01.754] - eth_getBalance
[2022/03/02 06:32:01.765] - eth_getTransactionCount
[2022/03/02 06:32:01.775] - eth_getBalance
[2022/03/02 06:32:01.786] - eth_getTransactionCount
[2022/03/02 06:32:01.796] - eth_getBalance
[2022/03/02 06:32:01.808] - eth_getTransactionCount
[2022/03/02 06:32:01.818] - eth_getBalance
[2022/03/02 06:32:01.829] - eth_getTransactionCount
[2022/03/02 06:32:01.841] - eth_getBalance
[2022/03/02 06:32:01.852] - eth_getTransactionCount
[2022/03/02 06:32:01.862] - eth_getBalance
[2022/03/02 06:32:01.874] - eth_getTransactionCount
[2022/03/02 06:32:01.884] - eth_getBalance
[2022/03/02 06:32:01.894] - eth_getTransactionCount
[2022/03/02 06:32:01.905] - eth_getBalance
[2022/03/02 06:32:01.915] - eth_getTransactionCount
[2022/03/02 06:32:01.928] - eth_getBalance
[2022/03/02 06:32:01.938] - eth_getTransactionCount
[2022/03/02 06:32:01.948] - eth_getBalance
[2022/03/02 06:32:01.961] - eth_getTransactionCount
[2022/03/02 06:32:01.971] - eth_getBalance
[2022/03/02 06:32:01.981] - eth_getTransactionCount
[2022/03/02 06:32:01.994] - eth_getBalance
[2022/03/02 06:32:02.003] - eth_getTransactionCount
[2022/03/02 06:32:02.013] - eth_getBalance
[2022/03/02 06:32:02.025] - eth_getTransactionCount
[2022/03/02 06:32:02.036] - eth_getBalance
[2022/03/02 06:32:02.046] - eth_getTransactionCount
[2022/03/02 06:32:02.058] - eth_getBalance
[2022/03/02 06:32:02.069] - eth_getTransactionCount
[2022/03/02 06:32:02.083] - eth_getBalance
[2022/03/02 06:32:02.093] - eth_getTransactionCount
[2022/03/02 06:32:02.103] - eth_getBalance
[2022/03/02 06:32:02.116] - eth_getTransactionCount
[2022/03/02 06:32:02.126] - eth_getBalance
[2022/03/02 06:32:02.136] - eth_getTransactionCount
[2022/03/02 06:32:02.148] - eth_getBalance
[2022/03/02 06:32:02.158] - eth_getTransactionCount
[2022/03/02 06:32:02.168] - eth_getBalance
[2022/03/02 06:32:02.180] - eth_getTransactionCount
[2022/03/02 06:32:02.190] - eth_getBalance
[2022/03/02 06:32:02.203] - eth_getTransactionCount
[2022/03/02 06:32:02.212] - eth_getBalance
[2022/03/02 06:32:02.223] - eth_getTransactionCount
[2022/03/02 06:32:02.235] - eth_getBalance
[2022/03/02 06:32:02.245] - eth_getTransactionCount
[2022/03/02 06:32:02.255] - eth_getBalance
[2022/03/02 06:32:02.267] - eth_getTransactionCount
[2022/03/02 06:32:02.276] - eth_getBalance
[2022/03/02 06:32:02.287] - eth_getTransactionCount
[2022/03/02 06:32:02.299] - eth_getBalance
[2022/03/02 06:32:02.310] - eth_getTransactionCount
[2022/03/02 06:32:02.322] - eth_getBalance
[2022/03/02 06:32:02.332] - eth_getTransactionCount
[2022/03/02 06:32:02.342] - eth_getBalance
[2022/03/02 06:32:02.355] - eth_getTransactionCount
[2022/03/02 06:32:02.387] - eth_getBalance
[2022/03/02 06:32:02.397] - eth_getTransactionCount
[2022/03/02 06:32:02.409] - eth_getBalance
[2022/03/02 06:32:02.420] - eth_getTransactionCount
[2022/03/02 06:32:02.431] - eth_getBalance
[2022/03/02 06:32:02.441] - eth_getTransactionCount
[2022/03/02 06:32:02.452] - eth_getBalance
[2022/03/02 06:32:02.462] - eth_getTransactionCount
[2022/03/02 06:32:02.476] - eth_getBalance
[2022/03/02 06:32:02.485] - eth_getTransactionCount
[2022/03/02 06:32:02.496] - eth_getBalance
[2022/03/02 06:32:02.508] - eth_getTransactionCount
[2022/03/02 06:32:02.518] - eth_getBalance
[2022/03/02 06:32:02.528] - eth_getTransactionCount
[2022/03/02 06:32:02.541] - eth_getBalance
[2022/03/02 06:32:02.551] - eth_getTransactionCount
[2022/03/02 06:32:02.561] - eth_getBalance
[2022/03/02 06:32:02.574] - eth_getTransactionCount
[2022/03/02 06:32:02.584] - eth_getBalance
[2022/03/02 06:32:02.596] - eth_getTransactionCount
[2022/03/02 06:32:02.605] - eth_getBalance
[2022/03/02 06:32:02.616] - eth_getTransactionCount
[2022/03/02 06:32:02.628] - eth_getBalance
[2022/03/02 06:32:02.638] - eth_getTransactionCount
[2022/03/02 06:32:02.648] - eth_getBalance
[2022/03/02 06:32:02.660] - eth_getTransactionCount
[2022/03/02 06:32:02.670] - eth_getBalance
[2022/03/02 06:32:02.680] - eth_getTransactionCount
[2022/03/02 06:32:02.693] - eth_getBalance
[2022/03/02 06:32:02.703] - eth_getTransactionCount
[2022/03/02 06:32:02.716] - eth_getBalance
[2022/03/02 06:32:02.726] - eth_getTransactionCount
[2022/03/02 06:32:02.736] - eth_getBalance
[2022/03/02 06:32:02.748] - eth_getTransactionCount
[2022/03/02 06:32:02.758] - eth_getBalance
[2022/03/02 06:32:02.769] - eth_getTransactionCount
[2022/03/02 06:32:02.781] - eth_getBalance
[2022/03/02 06:32:02.791] - eth_getTransactionCount
[2022/03/02 06:32:02.801] - eth_getBalance
[2022/03/02 06:32:02.813] - eth_getTransactionCount
[2022/03/02 06:32:02.823] - eth_getBalance
[2022/03/02 06:32:02.833] - eth_getTransactionCount
[2022/03/02 06:32:02.845] - eth_getBalance
[2022/03/02 06:32:02.856] - eth_getTransactionCount
[2022/03/02 06:32:02.868] - eth_getBalance
[2022/03/02 06:32:02.878] - eth_getTransactionCount
[2022/03/02 06:32:02.889] - eth_getBalance
[2022/03/02 06:32:02.901] - eth_getTransactionCount
[2022/03/02 06:32:02.911] - eth_getBalance
[2022/03/02 06:32:02.922] - eth_getTransactionCount
[2022/03/02 06:32:02.935] - eth_getBalance
[2022/03/02 06:32:02.945] - eth_getTransactionCount
[2022/03/02 06:32:02.955] - eth_getBalance
[2022/03/02 06:32:02.968] - eth_getTransactionCount
[2022/03/02 06:32:02.978] - eth_getBalance
[2022/03/02 06:32:02.991] - eth_getTransactionCount
[2022/03/02 06:32:03.001] - eth_getBalance
[2022/03/02 06:32:03.011] - eth_getTransactionCount
[2022/03/02 06:32:03.024] - eth_getBalance
[2022/03/02 06:32:03.034] - eth_getTransactionCount
[2022/03/02 06:32:03.044] - eth_getBalance
[2022/03/02 06:32:03.056] - eth_getTransactionCount
[2022/03/02 06:32:03.066] - eth_getBalance
[2022/03/02 06:32:03.077] - eth_getTransactionCount
[2022/03/02 06:32:03.089] - eth_getBalance
[2022/03/02 06:32:03.099] - eth_getTransactionCount
[2022/03/02 06:32:03.109] - eth_getBalance
[2022/03/02 06:32:03.122] - eth_getTransactionCount
[2022/03/02 06:32:03.132] - eth_getBalance
[2022/03/02 06:32:03.146] - eth_getTransactionCount
[2022/03/02 06:32:03.155] - eth_getBalance
[2022/03/02 06:32:03.166] - eth_getTransactionCount
[2022/03/02 06:32:03.179] - eth_getBalance
[2022/03/02 06:32:03.188] - eth_getTransactionCount
[2022/03/02 06:32:03.198] - eth_getBalance
[2022/03/02 06:32:03.211] - eth_getTransactionCount
[2022/03/02 06:32:03.221] - eth_getBalance
[2022/03/02 06:32:03.231] - eth_getTransactionCount
[2022/03/02 06:32:03.244] - eth_getBalance
[2022/03/02 06:32:03.253] - eth_getTransactionCount
[2022/03/02 06:32:03.266] - eth_getBalance
[2022/03/02 06:32:03.277] - eth_getTransactionCount
[2022/03/02 06:32:03.287] - eth_getBalance
[2022/03/02 06:32:03.300] - eth_getTransactionCount
[2022/03/02 06:32:03.309] - eth_getBalance
[2022/03/02 06:32:03.320] - eth_getTransactionCount
[2022/03/02 06:32:03.332] - eth_getBalance
[2022/03/02 06:32:03.343] - eth_getTransactionCount
[2022/03/02 06:32:03.355] - eth_getBalance
[2022/03/02 06:32:03.366] - eth_getTransactionCount
[2022/03/02 06:32:03.376] - eth_getBalance
[2022/03/02 06:32:03.389] - eth_getTransactionCount
[2022/03/02 06:32:03.398] - eth_getBalance
[2022/03/02 06:32:03.409] - eth_getTransactionCount
[2022/03/02 06:32:03.422] - eth_getBalance
[2022/03/02 06:32:03.433] - eth_getTransactionCount
[2022/03/02 06:32:03.444] - eth_getBalance
[2022/03/02 06:32:03.456] - eth_getTransactionCount
[2022/03/02 06:32:03.466] - eth_getBalance
[2022/03/02 06:32:03.476] - eth_getTransactionCount
[2022/03/02 06:32:03.488] - eth_getBalance
[2022/03/02 06:32:03.498] - eth_getTransactionCount
[2022/03/02 06:32:03.511] - eth_getBalance
[2022/03/02 06:32:03.521] - eth_getTransactionCount
[2022/03/02 06:32:03.531] - eth_getBalance
[2022/03/02 06:32:03.544] - eth_getTransactionCount
[2022/03/02 06:32:03.553] - eth_getBalance
[2022/03/02 06:32:03.584] - eth_getTransactionCount
[2022/03/02 06:32:03.585] - eth_getBalance
[2022/03/02 06:32:03.587] - eth_getTransactionCount
[2022/03/02 06:32:03.595] - eth_getBalance
[2022/03/02 06:32:03.607] - eth_getTransactionCount
[2022/03/02 06:32:03.618] - eth_getBalance
[2022/03/02 06:32:03.628] - eth_getTransactionCount
[2022/03/02 06:32:03.640] - eth_getBalance
[2022/03/02 06:32:03.651] - eth_getTransactionCount
[2022/03/02 06:32:03.664] - eth_getBalance
[2022/03/02 06:32:03.674] - eth_getTransactionCount
[2022/03/02 06:32:03.684] - eth_getBalance
[2022/03/02 06:32:03.697] - eth_getTransactionCount
[2022/03/02 06:32:03.707] - eth_getBalance
[2022/03/02 06:32:03.718] - eth_getTransactionCount
[2022/03/02 06:32:03.731] - eth_getBalance
[2022/03/02 06:32:03.741] - eth_getTransactionCount
[2022/03/02 06:32:03.751] - eth_getBalance
[2022/03/02 06:32:03.763] - eth_getTransactionCount
[2022/03/02 06:32:03.773] - eth_getBalance
[2022/03/02 06:32:03.786] - eth_getTransactionCount
[2022/03/02 06:32:03.796] - eth_getBalance
[2022/03/02 06:32:03.806] - eth_getTransactionCount
[2022/03/02 06:32:03.820] - eth_getBalance
[2022/03/02 06:32:03.831] - eth_getTransactionCount
[2022/03/02 06:32:03.841] - eth_getBalance
[2022/03/02 06:32:03.853] - eth_getTransactionCount
[2022/03/02 06:32:03.863] - eth_getBalance
[2022/03/02 06:32:03.873] - eth_getTransactionCount
[2022/03/02 06:32:03.886] - eth_getBalance
[2022/03/02 06:32:03.896] - eth_getTransactionCount
[2022/03/02 06:32:03.909] - eth_getBalance
[2022/03/02 06:32:03.919] - eth_getTransactionCount
[2022/03/02 06:32:03.929] - eth_getBalance
[2022/03/02 06:32:03.943] - eth_getTransactionCount
[2022/03/02 06:32:03.952] - eth_getBalance
[2022/03/02 06:32:03.962] - eth_getTransactionCount
[2022/03/02 06:32:03.975] - eth_getBalance
[2022/03/02 06:32:03.985] - eth_getTransactionCount
[2022/03/02 06:32:03.995] - eth_getBalance
[2022/03/02 06:32:04.008] - eth_getTransactionCount
[2022/03/02 06:32:04.017] - eth_getBalance
[2022/03/02 06:32:04.028] - eth_getTransactionCount
[2022/03/02 06:32:04.041] - eth_getBalance
[2022/03/02 06:32:04.051] - eth_getTransactionCount
[2022/03/02 06:32:04.064] - eth_getBalance
[2022/03/02 06:32:04.074] - eth_getTransactionCount
[2022/03/02 06:32:04.085] - eth_getBalance
[2022/03/02 06:32:04.097] - eth_getTransactionCount
[2022/03/02 06:32:04.107] - eth_getBalance
[2022/03/02 06:32:04.118] - eth_getTransactionCount
[2022/03/02 06:32:04.130] - eth_getBalance
[2022/03/02 06:32:04.140] - eth_getTransactionCount
[2022/03/02 06:32:04.151] - eth_getBalance
[2022/03/02 06:32:04.163] - eth_getTransactionCount
[2022/03/02 06:32:04.173] - eth_getBalance
[2022/03/02 06:32:04.187] - eth_getTransactionCount
[2022/03/02 06:32:04.197] - eth_getBalance
[2022/03/02 06:32:04.207] - eth_getTransactionCount
[2022/03/02 06:32:04.220] - eth_getBalance
[2022/03/02 06:32:04.231] - eth_getTransactionCount
[2022/03/02 06:32:04.241] - eth_getBalance
[2022/03/02 06:32:04.253] - eth_getTransactionCount
[2022/03/02 06:32:04.263] - eth_getBalance
[2022/03/02 06:32:04.273] - eth_getTransactionCount
[2022/03/02 06:32:04.286] - eth_getBalance
[2022/03/02 06:32:04.296] - eth_getTransactionCount
[2022/03/02 06:32:04.309] - eth_getBalance
[2022/03/02 06:32:04.319] - eth_getTransactionCount
[2022/03/02 06:32:04.330] - eth_getBalance
[2022/03/02 06:32:04.343] - eth_getTransactionCount
[2022/03/02 06:32:04.353] - eth_getBalance
[2022/03/02 06:32:04.364] - eth_getTransactionCount
[2022/03/02 06:32:04.376] - eth_getBalance
[2022/03/02 06:32:04.386] - eth_getTransactionCount
[2022/03/02 06:32:04.397] - eth_getBalance
[2022/03/02 06:32:04.409] - eth_getTransactionCount
[2022/03/02 06:32:04.419] - eth_getBalance
[2022/03/02 06:32:04.429] - eth_getTransactionCount
[2022/03/02 06:32:04.442] - eth_getBalance
[2022/03/02 06:32:04.453] - eth_getTransactionCount
[2022/03/02 06:32:04.465] - eth_getBalance
[2022/03/02 06:32:04.475] - eth_getTransactionCount
[2022/03/02 06:32:04.486] - eth_getBalance
[2022/03/02 06:32:04.498] - eth_getTransactionCount
[2022/03/02 06:32:04.508] - eth_getBalance
[2022/03/02 06:32:04.519] - eth_getTransactionCount
[2022/03/02 06:32:04.531] - eth_getBalance
[2022/03/02 06:32:04.541] - eth_getTransactionCount
[2022/03/02 06:32:04.551] - eth_getBalance
[2022/03/02 06:32:04.564] - eth_getTransactionCount
[2022/03/02 06:32:04.574] - eth_getBalance
[2022/03/02 06:32:04.587] - eth_getTransactionCount
[2022/03/02 06:32:04.790] - eth_getTransactionCount
[2022/03/02 06:32:04.802] - eth_getBalance
[2022/03/02 06:32:04.812] - eth_getTransactionCount
[2022/03/02 06:32:04.822] - eth_getBalance
[2022/03/02 06:32:04.834] - eth_getTransactionCount
[2022/03/02 06:32:04.844] - eth_getBalance
[2022/03/02 06:32:04.855] - eth_getTransactionCount
[2022/03/02 06:32:04.868] - eth_getBalance
[2022/03/02 06:32:04.879] - eth_getTransactionCount
[2022/03/02 06:32:04.891] - eth_getBalance
[2022/03/02 06:32:04.902] - eth_getTransactionCount
[2022/03/02 06:32:04.913] - eth_getBalance
[2022/03/02 06:32:04.927] - eth_getTransactionCount
[2022/03/02 06:32:04.937] - eth_getBalance
[2022/03/02 06:32:04.947] - eth_getTransactionCount
[2022/03/02 06:32:04.962] - eth_getBalance
[2022/03/02 06:32:04.973] - eth_getTransactionCount
[2022/03/02 06:32:04.983] - eth_getBalance
[2022/03/02 06:32:04.997] - eth_getTransactionCount
[2022/03/02 06:32:05.007] - eth_getBalance
[2022/03/02 06:32:05.020] - eth_getTransactionCount
[2022/03/02 06:32:05.031] - eth_getBalance
[2022/03/02 06:32:05.041] - eth_getTransactionCount
[2022/03/02 06:32:05.054] - eth_getBalance
[2022/03/02 06:32:05.064] - eth_getTransactionCount
[2022/03/02 06:32:05.074] - eth_getBalance
[2022/03/02 06:32:05.086] - eth_getTransactionCount
[2022/03/02 06:32:05.096] - eth_getBalance
[2022/03/02 06:32:05.106] - eth_getTransactionCount
[2022/03/02 06:32:05.119] - eth_getBalance
[2022/03/02 06:32:05.129] - eth_getTransactionCount
[2022/03/02 06:32:05.142] - eth_getBalance
[2022/03/02 06:32:05.152] - eth_getTransactionCount
[2022/03/02 06:32:05.162] - eth_getBalance
[2022/03/02 06:32:05.175] - eth_getTransactionCount
[2022/03/02 06:32:05.185] - eth_getBalance
[2022/03/02 06:32:05.195] - eth_getTransactionCount
[2022/03/02 06:32:05.207] - eth_getBalance
[2022/03/02 06:32:05.218] - eth_getTransactionCount
[2022/03/02 06:32:05.228] - eth_getBalance
[2022/03/02 06:32:05.241] - eth_getTransactionCount
[2022/03/02 06:32:05.251] - eth_getBalance
[2022/03/02 06:32:05.263] - eth_getTransactionCount
[2022/03/02 06:32:05.273] - eth_getBalance
[2022/03/02 06:32:05.284] - eth_getTransactionCount
[2022/03/02 06:32:05.296] - eth_getBalance
[2022/03/02 06:32:05.306] - eth_getTransactionCount
[2022/03/02 06:32:05.317] - eth_getBalance
[2022/03/02 06:32:05.330] - eth_getTransactionCount
[2022/03/02 06:32:05.340] - eth_getBalance
[2022/03/02 06:32:05.350] - eth_getTransactionCount
[2022/03/02 06:32:05.363] - eth_getBalance
[2022/03/02 06:32:05.373] - eth_getTransactionCount
[2022/03/02 06:32:05.383] - eth_getBalance
[2022/03/02 06:32:05.396] - eth_getTransactionCount
[2022/03/02 06:32:05.406] - eth_getBalance
[2022/03/02 06:32:05.418] - eth_getTransactionCount
[2022/03/02 06:32:05.428] - eth_getBalance
[2022/03/02 06:32:05.439] - eth_getTransactionCount
[2022/03/02 06:32:05.452] - eth_getBalance
[2022/03/02 06:32:05.462] - eth_getTransactionCount
[2022/03/02 06:32:05.473] - eth_getBalance
[2022/03/02 06:32:05.485] - eth_getTransactionCount
[2022/03/02 06:32:05.495] - eth_getBalance
[2022/03/02 06:32:05.505] - eth_getTransactionCount
[2022/03/02 06:32:05.517] - eth_getBalance
[2022/03/02 06:32:05.528] - eth_getTransactionCount
[2022/03/02 06:32:05.541] - eth_getBalance
[2022/03/02 06:32:05.550] - eth_getTransactionCount
[2022/03/02 06:32:05.561] - eth_getBalance
[2022/03/02 06:32:05.574] - eth_getTransactionCount
[2022/03/02 06:32:05.584] - eth_getBalance
[2022/03/02 06:32:05.595] - eth_getTransactionCount
[2022/03/02 06:32:05.607] - eth_getBalance
[2022/03/02 06:32:05.617] - eth_getTransactionCount
[2022/03/02 06:32:05.627] - eth_getBalance
[2022/03/02 06:32:05.640] - eth_getTransactionCount
[2022/03/02 06:32:05.651] - eth_getBalance
[2022/03/02 06:32:05.664] - eth_getTransactionCount
[2022/03/02 06:32:05.675] - eth_getBalance
[2022/03/02 06:32:05.685] - eth_getTransactionCount
[2022/03/02 06:32:05.699] - eth_getBalance
[2022/03/02 06:32:05.708] - eth_getTransactionCount
[2022/03/02 06:32:05.719] - eth_getBalance
[2022/03/02 06:32:05.733] - eth_getTransactionCount
[2022/03/02 06:32:05.745] - eth_getBalance
[2022/03/02 06:32:05.756] - eth_getTransactionCount
[2022/03/02 06:32:05.776] - eth_getBalance
[2022/03/02 06:32:05.802] - eth_getTransactionCount
[2022/03/02 06:32:05.814] - eth_getBalance
[2022/03/02 06:32:05.826] - eth_getTransactionCount
[2022/03/02 06:32:05.838] - eth_getBalance
[2022/03/02 06:32:05.850] - eth_getTransactionCount
[2022/03/02 06:32:05.862] - eth_getBalance
[2022/03/02 06:32:05.875] - eth_getTransactionCount
[2022/03/02 06:32:05.885] - eth_getBalance
[2022/03/02 06:32:05.899] - eth_getTransactionCount
[2022/03/02 06:32:05.909] - eth_getBalance
[2022/03/02 06:32:05.919] - eth_getTransactionCount
[2022/03/02 06:32:38.714] - eth_subscribe
[2022/03/02 06:32:38.714] - eth_accounts
[2022/03/02 06:32:38.734] - eth_getBlockByNumber
[2022/03/02 06:32:38.735] - eth_gasPrice
[2022/03/02 06:32:38.739] - eth_sendTransaction
[2022/03/02 06:32:38.779] - 
[2022/03/02 06:32:38.779] -   Transaction: 0xabb9c30180dd1160ad76631974706f1ee9ff071b72e8bdc3436a1e7a5cc95648
[2022/03/02 06:32:38.779] -   Gas usage: 22277
[2022/03/02 06:32:38.780] -   Block Number: 9
[2022/03/02 06:32:38.780] -   Block Time: Wed Mar 02 2022 06:32:38 GMT-0500 (Eastern Standard Time)
[2022/03/02 06:32:38.780] -   Runtime Error: revert
[2022/03/02 06:32:38.780] - 
[2022/03/02 06:32:38.781] - eth_getBlockByNumber
[2022/03/02 06:32:38.838] - eth_getBalance
[2022/03/02 06:32:38.851] - eth_getTransactionCount
[2022/03/02 06:32:38.864] - eth_getBalance
[2022/03/02 06:32:38.879] - eth_getTransactionCount
[2022/03/02 06:32:38.890] - eth_getBalance
[2022/03/02 06:32:38.910] - eth_getTransactionCount
[2022/03/02 06:32:38.928] - eth_getBalance
[2022/03/02 06:32:38.939] - eth_getTransactionCount
[2022/03/02 06:32:38.952] - eth_getBalance
[2022/03/02 06:32:38.962] - eth_getTransactionCount
[2022/03/02 06:32:38.973] - eth_getBalance
[2022/03/02 06:32:38.986] - eth_getTransactionCount
[2022/03/02 06:32:38.996] - eth_getBalance
[2022/03/02 06:32:39.007] - eth_getTransactionCount
[2022/03/02 06:32:39.020] - eth_getBalance
[2022/03/02 06:32:39.030] - eth_getTransactionCount
[2022/03/02 06:32:39.042] - eth_getBalance
[2022/03/02 06:32:39.053] - eth_getTransactionCount
[2022/03/02 06:32:39.064] - eth_getBalance
[2022/03/02 06:32:39.077] - eth_getTransactionCount
[2022/03/02 06:32:39.088] - eth_getBalance
[2022/03/02 06:32:39.098] - eth_getTransactionCount
[2022/03/02 06:32:39.112] - eth_getBalance
[2022/03/02 06:32:39.122] - eth_getTransactionCount
[2022/03/02 06:32:39.132] - eth_getBalance
[2022/03/02 06:32:39.145] - eth_getTransactionCount
[2022/03/02 06:32:39.156] - eth_getBalance
[2022/03/02 06:32:39.169] - eth_getTransactionCount
[2022/03/02 06:32:39.179] - eth_getBalance
[2022/03/02 06:32:39.190] - eth_getTransactionCount
[2022/03/02 06:32:39.203] - eth_getBalance
[2022/03/02 06:32:39.213] - eth_getTransactionCount
[2022/03/02 06:32:39.224] - eth_getBalance
[2022/03/02 06:32:39.237] - eth_getTransactionCount
[2022/03/02 06:32:39.247] - eth_getBalance
[2022/03/02 06:32:39.260] - eth_getTransactionCount
[2022/03/02 06:32:39.271] - eth_getBalance
[2022/03/02 06:32:39.282] - eth_getTransactionCount
[2022/03/02 06:32:39.295] - eth_getBalance
[2022/03/02 06:32:39.306] - eth_getTransactionCount
[2022/03/02 06:32:39.317] - eth_getBalance
[2022/03/02 06:32:39.330] - eth_getTransactionCount
[2022/03/02 06:32:39.340] - eth_getBalance
[2022/03/02 06:32:39.351] - eth_getTransactionCount
[2022/03/02 06:32:39.364] - eth_getBalance
[2022/03/02 06:32:39.375] - eth_getTransactionCount
[2022/03/02 06:32:39.387] - eth_getBalance
[2022/03/02 06:32:39.398] - eth_getTransactionCount
[2022/03/02 06:32:39.408] - eth_getBalance
[2022/03/02 06:32:39.422] - eth_getTransactionCount
[2022/03/02 06:32:39.432] - eth_getBalance
[2022/03/02 06:32:39.442] - eth_getTransactionCount
[2022/03/02 06:32:39.455] - eth_getBalance
[2022/03/02 06:32:39.465] - eth_getTransactionCount
[2022/03/02 06:32:39.476] - eth_getBalance
[2022/03/02 06:32:39.503] - eth_getTransactionCount
[2022/03/02 06:32:39.515] - eth_getBalance
[2022/03/02 06:32:39.526] - eth_getTransactionCount
[2022/03/02 06:32:39.539] - eth_getBalance
[2022/03/02 06:32:39.549] - eth_getTransactionCount
[2022/03/02 06:32:39.560] - eth_getBalance
[2022/03/02 06:32:39.572] - eth_getTransactionCount
[2022/03/02 06:32:39.583] - eth_getBalance
[2022/03/02 06:32:39.593] - eth_getTransactionCount
[2022/03/02 06:32:39.605] - eth_getBalance
[2022/03/02 06:32:39.616] - eth_getTransactionCount
[2022/03/02 06:32:39.629] - eth_getBalance
[2022/03/02 06:32:39.639] - eth_getTransactionCount
[2022/03/02 06:32:39.649] - eth_getBalance
[2022/03/02 06:32:39.662] - eth_getTransactionCount
[2022/03/02 06:32:39.672] - eth_getBalance
[2022/03/02 06:32:39.685] - eth_getTransactionCount
[2022/03/02 06:32:39.698] - eth_getBalance
[2022/03/02 06:32:39.708] - eth_getTransactionCount
[2022/03/02 06:32:39.720] - eth_getBalance
[2022/03/02 06:32:39.732] - eth_getTransactionCount
[2022/03/02 06:32:39.742] - eth_getBalance
[2022/03/02 06:32:39.755] - eth_getTransactionCount
[2022/03/02 06:32:39.766] - eth_getBalance
[2022/03/02 06:32:39.776] - eth_getTransactionCount
[2022/03/02 06:32:39.789] - eth_getBalance
[2022/03/02 06:32:39.799] - eth_getTransactionCount
[2022/03/02 06:32:39.812] - eth_getBalance
[2022/03/02 06:32:39.825] - eth_getTransactionCount
[2022/03/02 06:32:39.835] - eth_getBalance
[2022/03/02 06:32:39.848] - eth_getTransactionCount
[2022/03/02 06:32:39.858] - eth_getBalance
[2022/03/02 06:32:39.868] - eth_getTransactionCount
[2022/03/02 06:32:39.881] - eth_getBalance
[2022/03/02 06:32:39.891] - eth_getTransactionCount
[2022/03/02 06:32:39.902] - eth_getBalance
[2022/03/02 06:32:39.914] - eth_getTransactionCount
[2022/03/02 06:32:39.925] - eth_getBalance
[2022/03/02 06:32:39.936] - eth_getTransactionCount
[2022/03/02 06:32:39.948] - eth_getBalance
[2022/03/02 06:32:39.959] - eth_getTransactionCount
[2022/03/02 06:32:39.971] - eth_getBalance
[2022/03/02 06:32:39.982] - eth_getTransactionCount
[2022/03/02 06:32:39.992] - eth_getBalance
[2022/03/02 06:32:40.006] - eth_getTransactionCount
[2022/03/02 06:33:14.278] - eth_unsubscribe
[2022/03/02 06:33:14.278] - eth_unsubscribe
