[2022/03/12 14:01:16.798] - Starting server with initial configuration: {"gasLimit":6721975,"gasPrice":20000000000,"hardfork":"muirGlacier","hostname":"127.0.0.1","port":7545,"network_id":5777,"default_balance_ether":100,"total_accounts":50,"unlocked_accounts":[],"locked":false,"vmErrorsOnRPCResponse":true,"verbose":false,"db_path":"/Users/thomaswhitehill/Library/Application Support/Ganache/workspaces/troubled-arch/chaindata","logDirectory":"/Users/thomaswhitehill/IdeaProjects/FlightSurety/ganachelogs"}
[2022/03/12 14:01:17.032] - eth_getCode
[2022/03/12 14:01:17.032] - eth_subscribe
[2022/03/12 14:01:17.032] - eth_getLogs
[2022/03/12 14:01:17.034] - eth_subscribe
[2022/03/12 14:01:17.045] - eth_getCode
[2022/03/12 14:01:17.062] - eth_getCode
[2022/03/12 14:01:17.191] - eth_getCode
[2022/03/12 14:01:17.191] - eth_subscribe
[2022/03/12 14:01:17.191] - eth_getLogs
[2022/03/12 14:01:17.193] - eth_subscribe
[2022/03/12 14:01:17.196] - eth_getCode
[2022/03/12 14:01:17.204] - eth_getCode
[2022/03/12 14:01:17.485] - eth_blockNumber
[2022/03/12 14:01:17.485] - eth_accounts
[2022/03/12 14:01:17.486] - eth_gasPrice
[2022/03/12 14:01:17.486] - eth_getBlockByNumber
[2022/03/12 14:01:17.486] - eth_blockNumber
[2022/03/12 14:01:17.487] - eth_subscribe
[2022/03/12 14:01:17.487] - eth_accounts
[2022/03/12 14:01:17.487] - eth_gasPrice
[2022/03/12 14:01:17.488] - eth_getBlockByNumber
[2022/03/12 14:01:17.489] - eth_subscribe
[2022/03/12 14:01:17.594] - eth_getBalance
[2022/03/12 14:01:17.612] - eth_getTransactionCount
[2022/03/12 14:01:17.632] - eth_getBalance
[2022/03/12 14:01:17.646] - eth_getTransactionCount
[2022/03/12 14:01:17.661] - eth_getBalance
[2022/03/12 14:01:17.679] - eth_getTransactionCount
[2022/03/12 14:01:17.693] - eth_getBalance
[2022/03/12 14:01:17.708] - eth_getTransactionCount
[2022/03/12 14:01:17.725] - eth_getBalance
[2022/03/12 14:01:17.741] - eth_getTransactionCount
[2022/03/12 14:01:17.758] - eth_getBalance
[2022/03/12 14:01:17.772] - eth_getTransactionCount
[2022/03/12 14:01:17.787] - eth_getBalance
[2022/03/12 14:01:17.806] - eth_getTransactionCount
[2022/03/12 14:01:17.820] - eth_getBalance
[2022/03/12 14:01:17.835] - eth_getTransactionCount
[2022/03/12 14:01:17.852] - eth_getBalance
[2022/03/12 14:01:17.867] - eth_getTransactionCount
[2022/03/12 14:01:17.881] - eth_getBalance
[2022/03/12 14:01:17.898] - eth_getTransactionCount
[2022/03/12 14:01:17.912] - eth_getBalance
[2022/03/12 14:01:17.932] - eth_getTransactionCount
[2022/03/12 14:01:17.946] - eth_getBalance
[2022/03/12 14:01:17.961] - eth_getTransactionCount
[2022/03/12 14:01:17.978] - eth_getBalance
[2022/03/12 14:01:17.991] - eth_getTransactionCount
[2022/03/12 14:01:18.006] - eth_getBalance
[2022/03/12 14:01:18.023] - eth_getTransactionCount
[2022/03/12 14:01:18.038] - eth_getBalance
[2022/03/12 14:01:18.053] - eth_getTransactionCount
[2022/03/12 14:01:18.070] - eth_getBalance
[2022/03/12 14:01:18.084] - eth_getTransactionCount
[2022/03/12 14:01:18.100] - eth_getBalance
[2022/03/12 14:01:18.114] - eth_getTransactionCount
[2022/03/12 14:01:18.131] - eth_getBalance
[2022/03/12 14:01:18.149] - eth_getTransactionCount
[2022/03/12 14:01:18.164] - eth_getBalance
[2022/03/12 14:01:18.178] - eth_getTransactionCount
[2022/03/12 14:01:18.195] - eth_getBalance
[2022/03/12 14:01:18.228] - eth_getTransactionCount
[2022/03/12 14:01:18.260] - eth_getBalance
[2022/03/12 14:01:18.277] - eth_getTransactionCount
[2022/03/12 14:01:18.292] - eth_getBalance
[2022/03/12 14:01:18.310] - eth_getTransactionCount
[2022/03/12 14:01:18.324] - eth_getBalance
[2022/03/12 14:01:18.338] - eth_getTransactionCount
[2022/03/12 14:01:18.355] - eth_getBalance
[2022/03/12 14:01:18.369] - eth_getTransactionCount
[2022/03/12 14:01:18.383] - eth_getBalance
[2022/03/12 14:01:18.401] - eth_getTransactionCount
[2022/03/12 14:01:18.415] - eth_getBalance
[2022/03/12 14:01:18.430] - eth_getTransactionCount
[2022/03/12 14:01:18.448] - eth_getBalance
[2022/03/12 14:01:18.463] - eth_getTransactionCount
[2022/03/12 14:01:18.479] - eth_getBalance
[2022/03/12 14:01:18.492] - eth_getTransactionCount
[2022/03/12 14:01:18.506] - eth_getBalance
[2022/03/12 14:01:18.523] - eth_getTransactionCount
[2022/03/12 14:01:18.536] - eth_getBalance
[2022/03/12 14:01:18.550] - eth_getTransactionCount
[2022/03/12 14:01:18.566] - eth_getBalance
[2022/03/12 14:01:18.580] - eth_getTransactionCount
[2022/03/12 14:01:18.594] - eth_getBalance
[2022/03/12 14:01:18.611] - eth_getTransactionCount
[2022/03/12 14:01:18.625] - eth_getBalance
[2022/03/12 14:01:18.641] - eth_getTransactionCount
[2022/03/12 14:01:18.656] - eth_getBalance
[2022/03/12 14:01:18.670] - eth_getTransactionCount
[2022/03/12 14:01:18.686] - eth_getBalance
[2022/03/12 14:01:18.699] - eth_getTransactionCount
[2022/03/12 14:01:18.714] - eth_getBalance
[2022/03/12 14:01:18.731] - eth_getTransactionCount
[2022/03/12 14:01:18.744] - eth_getBalance
[2022/03/12 14:01:18.758] - eth_getTransactionCount
[2022/03/12 14:01:18.774] - eth_getBalance
[2022/03/12 14:01:18.788] - eth_getTransactionCount
[2022/03/12 14:01:18.805] - eth_getBalance
[2022/03/12 14:01:18.818] - eth_getTransactionCount
[2022/03/12 14:01:18.831] - eth_getBalance
[2022/03/12 14:01:18.848] - eth_getTransactionCount
[2022/03/12 14:01:18.861] - eth_getBalance
[2022/03/12 14:01:18.874] - eth_getTransactionCount
[2022/03/12 14:01:18.890] - eth_getBalance
[2022/03/12 14:01:18.904] - eth_getTransactionCount
[2022/03/12 14:01:18.918] - eth_getBalance
[2022/03/12 14:01:18.933] - eth_getTransactionCount
[2022/03/12 14:01:18.947] - eth_getBalance
[2022/03/12 14:01:18.961] - eth_getTransactionCount
[2022/03/12 14:01:18.976] - eth_getBalance
[2022/03/12 14:01:18.990] - eth_getTransactionCount
[2022/03/12 14:01:19.007] - eth_getBalance
[2022/03/12 14:01:19.020] - eth_getTransactionCount
[2022/03/12 14:01:19.034] - eth_getBalance
[2022/03/12 14:01:19.051] - eth_getTransactionCount
[2022/03/12 14:01:19.064] - eth_getBalance
[2022/03/12 14:01:19.078] - eth_getTransactionCount
[2022/03/12 14:01:19.094] - eth_getBalance
[2022/03/12 14:01:19.108] - eth_getTransactionCount
[2022/03/12 14:01:19.121] - eth_getBalance
[2022/03/12 14:01:19.137] - eth_getTransactionCount
[2022/03/12 14:01:19.151] - eth_getBalance
[2022/03/12 14:01:19.167] - eth_getTransactionCount
[2022/03/12 14:01:19.180] - eth_getBalance
[2022/03/12 14:01:19.193] - eth_getTransactionCount
[2022/03/12 14:01:19.210] - eth_getBalance
[2022/03/12 14:01:19.223] - eth_getTransactionCount
[2022/03/12 14:01:19.237] - eth_getBalance
[2022/03/12 14:01:19.253] - eth_getTransactionCount
[2022/03/12 14:01:19.266] - eth_getBalance
[2022/03/12 14:01:19.280] - eth_getTransactionCount
[2022/03/12 14:01:19.295] - eth_getBalance
[2022/03/12 14:01:19.309] - eth_getTransactionCount
[2022/03/12 14:01:19.324] - eth_getBalance
[2022/03/12 14:01:19.337] - eth_getTransactionCount
[2022/03/12 14:01:19.351] - eth_getBalance
[2022/03/12 14:01:19.367] - eth_getTransactionCount
[2022/03/12 14:01:19.381] - eth_getBalance
[2022/03/12 14:01:19.394] - eth_getTransactionCount
[2022/03/12 14:01:19.410] - eth_getBalance
[2022/03/12 14:01:19.423] - eth_getTransactionCount
[2022/03/12 14:01:19.437] - eth_getBalance
[2022/03/12 14:01:19.453] - eth_getTransactionCount
[2022/03/12 14:01:19.467] - eth_getBalance
[2022/03/12 14:01:19.483] - eth_getTransactionCount
[2022/03/12 14:01:19.496] - eth_getBalance
[2022/03/12 14:01:19.510] - eth_getTransactionCount
[2022/03/12 14:01:19.527] - eth_getBalance
[2022/03/12 14:01:19.540] - eth_getTransactionCount
[2022/03/12 14:01:19.554] - eth_getBalance
[2022/03/12 14:01:19.570] - eth_getTransactionCount
[2022/03/12 14:01:19.583] - eth_getBalance
[2022/03/12 14:01:19.597] - eth_getTransactionCount
[2022/03/12 14:01:19.613] - eth_getBalance
[2022/03/12 14:01:19.626] - eth_getTransactionCount
[2022/03/12 14:01:19.640] - eth_getBalance
[2022/03/12 14:01:19.667] - eth_getTransactionCount
[2022/03/12 14:01:19.690] - eth_getBalance
[2022/03/12 14:01:19.703] - eth_getTransactionCount
[2022/03/12 14:01:19.720] - eth_getBalance
[2022/03/12 14:01:19.733] - eth_getTransactionCount
[2022/03/12 14:01:19.746] - eth_getBalance
[2022/03/12 14:01:19.763] - eth_getTransactionCount
[2022/03/12 14:01:19.776] - eth_getBalance
[2022/03/12 14:01:19.789] - eth_getTransactionCount
[2022/03/12 14:01:19.805] - eth_getBalance
[2022/03/12 14:01:19.819] - eth_getTransactionCount
[2022/03/12 14:01:19.833] - eth_getBalance
[2022/03/12 14:01:19.849] - eth_getTransactionCount
[2022/03/12 14:01:19.863] - eth_getBalance
[2022/03/12 14:01:19.880] - eth_getTransactionCount
[2022/03/12 14:01:19.893] - eth_getBalance
[2022/03/12 14:01:19.906] - eth_getTransactionCount
[2022/03/12 14:01:19.922] - eth_getBalance
[2022/03/12 14:01:19.937] - eth_getTransactionCount
[2022/03/12 14:01:19.950] - eth_getBalance
[2022/03/12 14:01:19.966] - eth_getTransactionCount
[2022/03/12 14:01:19.980] - eth_getBalance
[2022/03/12 14:01:19.993] - eth_getTransactionCount
[2022/03/12 14:01:20.009] - eth_getBalance
[2022/03/12 14:01:20.022] - eth_getTransactionCount
[2022/03/12 14:01:20.038] - eth_getBalance
[2022/03/12 14:01:20.051] - eth_getTransactionCount
[2022/03/12 14:01:20.065] - eth_getBalance
[2022/03/12 14:01:20.081] - eth_getTransactionCount
[2022/03/12 14:01:20.094] - eth_getBalance
[2022/03/12 14:01:20.108] - eth_getTransactionCount
[2022/03/12 14:01:20.124] - eth_getBalance
[2022/03/12 14:01:20.138] - eth_getTransactionCount
[2022/03/12 14:01:20.151] - eth_getBalance
[2022/03/12 14:01:20.168] - eth_getTransactionCount
[2022/03/12 14:01:20.181] - eth_getBalance
[2022/03/12 14:01:20.195] - eth_getTransactionCount
[2022/03/12 14:01:20.211] - eth_getBalance
[2022/03/12 14:01:20.225] - eth_getTransactionCount
[2022/03/12 14:01:20.242] - eth_getBalance
[2022/03/12 14:01:20.255] - eth_getTransactionCount
[2022/03/12 14:01:20.269] - eth_getBalance
[2022/03/12 14:01:20.286] - eth_getTransactionCount
[2022/03/12 14:01:20.299] - eth_getBalance
[2022/03/12 14:01:20.312] - eth_getTransactionCount
[2022/03/12 14:01:20.328] - eth_getBalance
[2022/03/12 14:01:20.341] - eth_getTransactionCount
[2022/03/12 14:01:20.354] - eth_getBalance
[2022/03/12 14:01:20.371] - eth_getTransactionCount
[2022/03/12 14:01:20.385] - eth_getBalance
[2022/03/12 14:01:20.401] - eth_getTransactionCount
[2022/03/12 14:01:20.415] - eth_getBalance
[2022/03/12 14:01:20.428] - eth_getTransactionCount
[2022/03/12 14:01:20.444] - eth_getBalance
[2022/03/12 14:01:20.461] - eth_getTransactionCount
[2022/03/12 14:01:20.472] - eth_getBalance
[2022/03/12 14:01:20.489] - eth_getTransactionCount
[2022/03/12 14:01:20.502] - eth_getBalance
[2022/03/12 14:01:20.516] - eth_getTransactionCount
[2022/03/12 14:01:20.532] - eth_getBalance
[2022/03/12 14:01:20.545] - eth_getTransactionCount
[2022/03/12 14:01:20.562] - eth_getBalance
[2022/03/12 14:01:20.575] - eth_getTransactionCount
[2022/03/12 14:01:20.588] - eth_getBalance
[2022/03/12 14:01:20.605] - eth_getTransactionCount
[2022/03/12 14:01:20.826] - eth_getBalance
[2022/03/12 14:01:20.839] - eth_getTransactionCount
[2022/03/12 14:01:20.856] - eth_getBalance
[2022/03/12 14:01:20.869] - eth_getTransactionCount
[2022/03/12 14:01:20.883] - eth_getBalance
[2022/03/12 14:01:20.899] - eth_getTransactionCount
[2022/03/12 14:01:20.914] - eth_getBalance
[2022/03/12 14:01:20.927] - eth_getTransactionCount
[2022/03/12 14:01:20.945] - eth_getBalance
[2022/03/12 14:01:20.959] - eth_getTransactionCount
[2022/03/12 14:01:20.976] - eth_getBalance
[2022/03/12 14:01:20.989] - eth_getTransactionCount
[2022/03/12 14:01:21.003] - eth_getBalance
[2022/03/12 14:01:21.019] - eth_getTransactionCount
[2022/03/12 14:01:21.032] - eth_getBalance
[2022/03/12 14:01:21.047] - eth_getTransactionCount
[2022/03/12 14:01:21.063] - eth_getBalance
[2022/03/12 14:01:21.077] - eth_getTransactionCount
[2022/03/12 14:01:21.091] - eth_getBalance
[2022/03/12 14:01:21.107] - eth_getTransactionCount
[2022/03/12 14:01:21.121] - eth_getBalance
[2022/03/12 14:01:21.142] - eth_getTransactionCount
[2022/03/12 14:01:21.155] - eth_getBalance
[2022/03/12 14:01:21.168] - eth_getTransactionCount
[2022/03/12 14:01:21.185] - eth_getBalance
[2022/03/12 14:01:21.198] - eth_getTransactionCount
[2022/03/12 14:01:21.212] - eth_getBalance
[2022/03/12 14:01:21.228] - eth_getTransactionCount
[2022/03/12 14:01:21.242] - eth_getBalance
[2022/03/12 14:01:21.256] - eth_getTransactionCount
[2022/03/12 14:01:21.273] - eth_getBalance
[2022/03/12 14:01:21.286] - eth_getTransactionCount
[2022/03/12 14:01:21.304] - eth_getBalance
[2022/03/12 14:01:21.320] - eth_getTransactionCount
[2022/03/12 14:01:21.331] - eth_getBalance
[2022/03/12 14:01:21.348] - eth_getTransactionCount
[2022/03/12 14:01:21.361] - eth_getBalance
[2022/03/12 14:01:21.382] - eth_getTransactionCount
[2022/03/12 14:01:21.392] - eth_getBalance
[2022/03/12 14:01:21.405] - eth_getTransactionCount
[2022/03/12 14:01:21.419] - eth_getBalance
[2022/03/12 14:01:21.435] - eth_getTransactionCount
[2022/03/12 14:01:21.448] - eth_getBalance
[2022/03/12 14:01:21.466] - eth_getTransactionCount
[2022/03/12 14:01:21.479] - eth_getBalance
[2022/03/12 14:01:21.492] - eth_getTransactionCount
[2022/03/12 14:01:21.510] - eth_getBalance
[2022/03/12 14:01:21.523] - eth_getTransactionCount
[2022/03/12 14:01:21.537] - eth_getBalance
[2022/03/12 14:01:21.554] - eth_getTransactionCount
[2022/03/12 14:01:21.567] - eth_getBalance
[2022/03/12 14:01:21.581] - eth_getTransactionCount
[2022/03/12 14:01:21.597] - eth_getBalance
[2022/03/12 14:01:21.611] - eth_getTransactionCount
[2022/03/12 14:01:21.626] - eth_getBalance
[2022/03/12 14:01:21.646] - eth_getTransactionCount
[2022/03/12 14:01:21.657] - eth_getBalance
[2022/03/12 14:01:21.674] - eth_getTransactionCount
[2022/03/12 14:01:21.687] - eth_getBalance
[2022/03/12 14:01:21.700] - eth_getTransactionCount
[2022/03/12 14:01:21.718] - eth_getBalance
[2022/03/12 14:01:21.732] - eth_getTransactionCount
[2022/03/12 14:01:21.746] - eth_getBalance
[2022/03/12 14:01:21.762] - eth_getTransactionCount
[2022/03/12 14:01:21.775] - eth_getBalance
[2022/03/12 14:01:21.789] - eth_getTransactionCount
[2022/03/12 14:01:21.805] - eth_getBalance
[2022/03/12 14:01:21.819] - eth_getTransactionCount
[2022/03/12 14:01:21.836] - eth_getBalance
[2022/03/12 14:01:21.849] - eth_getTransactionCount
[2022/03/12 14:01:21.863] - eth_getBalance
[2022/03/12 14:01:21.881] - eth_getTransactionCount
[2022/03/12 14:01:21.893] - eth_getBalance
[2022/03/12 14:01:21.907] - eth_getTransactionCount
[2022/03/12 14:01:21.923] - eth_getBalance
[2022/03/12 14:01:21.936] - eth_getTransactionCount
[2022/03/12 14:01:21.950] - eth_getBalance
[2022/03/12 14:01:21.967] - eth_getTransactionCount
[2022/03/12 14:01:21.983] - eth_getBalance
[2022/03/12 14:01:22.000] - eth_getTransactionCount
[2022/03/12 14:01:22.013] - eth_getBalance
[2022/03/12 14:01:22.027] - eth_getTransactionCount
[2022/03/12 14:01:22.044] - eth_getBalance
[2022/03/12 14:01:22.058] - eth_getTransactionCount
[2022/03/12 14:01:22.071] - eth_getBalance
[2022/03/12 14:01:22.087] - eth_getTransactionCount
[2022/03/12 14:01:22.101] - eth_getBalance
[2022/03/12 14:01:22.115] - eth_getTransactionCount
[2022/03/12 14:01:22.133] - eth_getBalance
[2022/03/12 14:01:22.145] - eth_getTransactionCount
[2022/03/12 14:01:22.165] - eth_getBalance
[2022/03/12 14:01:22.177] - eth_getTransactionCount
[2022/03/12 14:01:22.191] - eth_getBalance
[2022/03/12 14:01:22.210] - eth_getTransactionCount
[2022/03/12 14:01:22.225] - eth_getBalance
[2022/03/12 14:01:22.238] - eth_getTransactionCount
[2022/03/12 14:01:22.256] - eth_getBalance
[2022/03/12 14:01:22.270] - eth_getTransactionCount
[2022/03/12 14:01:22.284] - eth_getBalance
[2022/03/12 14:01:22.300] - eth_getTransactionCount
[2022/03/12 14:01:22.313] - eth_getBalance
[2022/03/12 14:01:22.331] - eth_getTransactionCount
[2022/03/12 14:01:22.344] - eth_getBalance
[2022/03/12 14:01:22.358] - eth_getTransactionCount
[2022/03/12 14:01:22.374] - eth_getBalance
[2022/03/12 14:01:22.387] - eth_getTransactionCount
[2022/03/12 14:01:22.401] - eth_getBalance
[2022/03/12 14:01:22.418] - eth_getTransactionCount
[2022/03/12 14:01:22.431] - eth_getBalance
[2022/03/12 14:01:22.444] - eth_getTransactionCount
[2022/03/12 14:01:22.461] - eth_getBalance
[2022/03/12 14:01:22.475] - eth_getTransactionCount
[2022/03/12 14:01:22.489] - eth_getBalance
[2022/03/12 14:01:22.505] - eth_getTransactionCount
[2022/03/12 14:01:22.519] - eth_getBalance
[2022/03/12 14:01:22.539] - eth_getTransactionCount
[2022/03/12 14:01:22.552] - eth_getBalance
[2022/03/12 14:01:22.565] - eth_getTransactionCount
[2022/03/12 14:01:22.582] - eth_getBalance
[2022/03/12 14:01:22.596] - eth_getTransactionCount
[2022/03/12 14:01:22.611] - eth_getBalance
[2022/03/12 14:01:22.627] - eth_getTransactionCount
[2022/03/12 14:01:22.641] - eth_getBalance
[2022/03/12 14:01:22.654] - eth_getTransactionCount
[2022/03/12 14:01:22.671] - eth_getBalance
[2022/03/12 14:01:22.684] - eth_getTransactionCount
[2022/03/12 14:01:22.701] - eth_getBalance
[2022/03/12 14:01:22.714] - eth_getTransactionCount
[2022/03/12 14:01:22.728] - eth_getBalance
[2022/03/12 14:01:22.745] - eth_getTransactionCount
[2022/03/12 14:01:22.758] - eth_getBalance
[2022/03/12 14:01:22.772] - eth_getTransactionCount
[2022/03/12 14:01:22.787] - eth_getBalance
[2022/03/12 14:01:22.801] - eth_getTransactionCount
[2022/03/12 14:01:22.814] - eth_getBalance
[2022/03/12 14:01:22.830] - eth_getTransactionCount
[2022/03/12 14:01:22.844] - eth_getBalance
[2022/03/12 14:01:22.860] - eth_getTransactionCount
[2022/03/12 14:01:22.873] - eth_getBalance
[2022/03/12 14:01:22.887] - eth_getTransactionCount
[2022/03/12 14:01:22.904] - eth_getBalance
[2022/03/12 14:01:22.917] - eth_getTransactionCount
[2022/03/12 14:01:22.930] - eth_getBalance
[2022/03/12 14:01:22.946] - eth_getTransactionCount
[2022/03/12 14:01:22.959] - eth_getBalance
[2022/03/12 14:01:22.973] - eth_getTransactionCount
[2022/03/12 14:01:22.989] - eth_getBalance
[2022/03/12 14:01:23.002] - eth_getTransactionCount
[2022/03/12 14:01:23.020] - eth_getBalance
[2022/03/12 14:01:23.033] - eth_getTransactionCount
[2022/03/12 14:01:23.047] - eth_getBalance
[2022/03/12 14:01:23.063] - eth_getTransactionCount
[2022/03/12 14:01:23.076] - eth_getBalance
[2022/03/12 14:01:23.090] - eth_getTransactionCount
[2022/03/12 14:01:23.107] - eth_getBalance
[2022/03/12 14:01:23.122] - eth_getTransactionCount
[2022/03/12 14:01:23.137] - eth_getBalance
[2022/03/12 14:01:23.153] - eth_getTransactionCount
[2022/03/12 14:01:23.167] - eth_getBalance
[2022/03/12 14:01:23.187] - eth_getTransactionCount
[2022/03/12 14:01:23.225] - eth_getBalance
[2022/03/12 14:01:23.239] - eth_getTransactionCount
[2022/03/12 14:01:23.253] - eth_getBalance
[2022/03/12 14:01:23.270] - eth_getTransactionCount
[2022/03/12 14:01:23.283] - eth_getBalance
[2022/03/12 14:01:23.297] - eth_getTransactionCount
[2022/03/12 14:01:23.314] - eth_getBalance
[2022/03/12 14:01:23.328] - eth_getTransactionCount
[2022/03/12 14:01:23.340] - eth_getBalance
[2022/03/12 14:01:23.358] - eth_getTransactionCount
[2022/03/12 14:01:23.371] - eth_getBalance
[2022/03/12 14:01:23.386] - eth_getTransactionCount
[2022/03/12 14:01:23.402] - eth_getBalance
[2022/03/12 14:01:23.416] - eth_getTransactionCount
[2022/03/12 14:01:23.433] - eth_getBalance
[2022/03/12 14:01:23.446] - eth_getTransactionCount
[2022/03/12 14:01:23.460] - eth_getBalance
[2022/03/12 14:01:23.476] - eth_getTransactionCount
[2022/03/12 14:01:23.489] - eth_getBalance
[2022/03/12 14:01:23.502] - eth_getTransactionCount
[2022/03/12 14:01:23.518] - eth_getBalance
[2022/03/12 14:01:23.531] - eth_getTransactionCount
[2022/03/12 14:01:23.545] - eth_getBalance
[2022/03/12 14:01:23.561] - eth_getTransactionCount
[2022/03/12 14:01:23.574] - eth_getBalance
[2022/03/12 14:01:23.590] - eth_getTransactionCount
[2022/03/12 14:01:23.603] - eth_getBalance
[2022/03/12 14:01:23.616] - eth_getTransactionCount
[2022/03/12 14:01:23.633] - eth_getBalance
[2022/03/12 14:01:23.646] - eth_getTransactionCount
[2022/03/12 14:01:23.660] - eth_getBalance
[2022/03/12 14:01:23.676] - eth_getTransactionCount
[2022/03/12 14:01:23.689] - eth_getBalance
[2022/03/12 14:01:23.703] - eth_getTransactionCount
[2022/03/12 14:01:23.718] - eth_getBalance
[2022/03/12 14:01:23.732] - eth_getTransactionCount
[2022/03/12 14:01:23.748] - eth_getBalance
[2022/03/12 14:01:23.761] - eth_getTransactionCount
[2022/03/12 14:01:23.775] - eth_getBalance
[2022/03/12 14:01:23.791] - eth_getTransactionCount
[2022/03/12 14:01:29.731] - eth_getBlockByNumber
[2022/03/12 14:01:35.279] - eth_getBlockTransactionCountByHash
[2022/03/12 14:01:35.315] - eth_getBlockByNumber
[2022/03/12 14:01:35.353] - eth_getBlockTransactionCountByHash
[2022/03/12 14:01:35.389] - eth_getBlockByNumber
[2022/03/12 14:01:35.424] - eth_getBlockTransactionCountByHash
[2022/03/12 14:01:35.461] - eth_getBlockByNumber
[2022/03/12 14:01:35.499] - eth_getBlockTransactionCountByHash
[2022/03/12 14:01:35.541] - eth_getBlockByNumber
[2022/03/12 14:01:35.579] - eth_getBlockTransactionCountByHash
[2022/03/12 14:01:35.617] - eth_getBlockByNumber
[2022/03/12 14:01:35.657] - eth_getBlockTransactionCountByHash
[2022/03/12 14:01:35.694] - eth_getBlockByNumber
[2022/03/12 14:01:35.733] - eth_getBlockTransactionCountByHash
[2022/03/12 14:01:35.772] - eth_getBlockByNumber
[2022/03/12 14:01:35.811] - eth_getBlockTransactionCountByHash
[2022/03/12 14:01:35.849] - eth_getBlockByNumber
[2022/03/12 14:01:35.886] - eth_getBlockTransactionCountByHash
[2022/03/12 14:01:35.924] - eth_getBlockByNumber
[2022/03/12 14:01:35.963] - eth_getBlockTransactionCountByHash
[2022/03/12 14:01:36.001] - eth_getBlockByNumber
[2022/03/12 14:01:36.040] - eth_getBlockTransactionCountByHash
[2022/03/12 14:01:36.079] - eth_getBlockByNumber
[2022/03/12 14:01:36.118] - eth_getBlockTransactionCountByHash
[2022/03/12 14:01:36.160] - eth_getBlockByNumber
[2022/03/12 14:01:36.199] - eth_getBlockTransactionCountByHash
[2022/03/12 14:01:36.233] - eth_getBlockByNumber
[2022/03/12 14:01:36.271] - eth_getBlockTransactionCountByHash
[2022/03/12 14:01:36.306] - eth_getBlockByNumber
[2022/03/12 14:01:36.345] - eth_getBlockTransactionCountByHash
[2022/03/12 14:01:36.383] - eth_getBlockByNumber
[2022/03/12 14:01:36.421] - eth_getBlockTransactionCountByHash
[2022/03/12 14:01:40.235] - eth_getBlockByNumber
[2022/03/12 14:01:40.303] - eth_getTransactionReceipt
[2022/03/12 14:01:40.363] - eth_getBlockByNumber
[2022/03/12 14:01:40.403] - eth_getTransactionReceipt
[2022/03/12 14:01:40.456] - eth_getBlockByNumber
[2022/03/12 14:01:40.495] - eth_getTransactionReceipt
[2022/03/12 14:01:40.547] - eth_getBlockByNumber
[2022/03/12 14:01:40.587] - eth_getTransactionReceipt
[2022/03/12 14:01:40.639] - eth_getBlockByNumber
[2022/03/12 14:01:40.676] - eth_getTransactionReceipt
[2022/03/12 14:01:40.733] - eth_getBlockByNumber
[2022/03/12 14:01:40.771] - eth_getTransactionReceipt
[2022/03/12 14:01:40.821] - eth_getBlockByNumber
[2022/03/12 14:01:40.859] - eth_getTransactionReceipt
[2022/03/12 14:01:40.912] - eth_getBlockByNumber
[2022/03/12 14:01:40.951] - eth_getTransactionReceipt
[2022/03/12 14:01:41.002] - eth_getBlockByNumber
[2022/03/12 14:01:41.039] - eth_getTransactionReceipt
[2022/03/12 14:01:41.089] - eth_getBlockByNumber
[2022/03/12 14:01:41.126] - eth_getTransactionReceipt
[2022/03/12 14:01:41.181] - eth_getBlockByNumber
[2022/03/12 14:01:41.219] - eth_getTransactionReceipt
[2022/03/12 14:02:00.404] - eth_unsubscribe
[2022/03/12 14:02:00.405] - eth_unsubscribe
